#
# A fatal error has been detected by the Java Runtime Environment:
#
#  SIGSEGV (0xb) at pc=0x00007f9752dd8268, pid=10633, tid=140289757243136
#
# JRE version: Java(TM) SE Runtime Environment (8.0_45-b14) (build 1.8.0_45-b14)
# Java VM: Java HotSpot(TM) 64-Bit Server VM (25.45-b02 mixed mode linux-amd64 compressed oops)
# Problematic frame:
# C  [libnvidia-glcore.so.304.131+0x11c2268]
#
# Failed to write core dump. Core dumps have been disabled. To enable core dumping, try "ulimit -c unlimited" before starting Java again
#
# If you would like to submit a bug report, please visit:
#   http://bugreport.java.com/bugreport/crash.jsp
# The crash happened outside the Java Virtual Machine in native code.
# See problematic frame for where to report the bug.
#

---------------  T H R E A D  ---------------

Current thread (0x00007f97b800a800):  JavaThread "main" [_thread_in_native, id=10637, stack(0x00007f97c1156000,0x00007f97c1257000)]

siginfo: si_signo: 11 (SIGSEGV), si_code: 1 (SEGV_MAPERR), si_addr: 0x0000000000000000

Registers:
RAX=0x0000000000000000, RBX=0x00007f97bce788d8, RCX=0x0000000041c1cbd8, RDX=0x00007f97b8494030
RSP=0x00007f97c1254d18, RBP=0x00007f97c1254d80, RSI=0x0000000000000000, RDI=0x0000000041ba6000
R8 =0x0000000000000000, R9 =0x0000000000000009, R10=0x00007f97a9013768, R11=0x00007f9752dd8230
R12=0x0000000000000000, R13=0x00007f97bce788d8, R14=0x00007f97c1254db8, R15=0x00007f97b800a800
RIP=0x00007f9752dd8268, EFLAGS=0x0000000000010206, CSGSFS=0x0000000000000033, ERR=0x0000000000000004
  TRAPNO=0x000000000000000e

Top of Stack: (sp=0x00007f97c1254d18)
0x00007f97c1254d18:   00007f97a9013794 00007f97c1254d80
0x00007f97c1254d28:   00007f97a9013519 00007f97b800a800
0x00007f97c1254d38:   00007f97a90134e2 00007f97c1254d40
0x00007f97c1254d48:   00007f97bce788d8 00007f97c1254db8
0x00007f97c1254d58:   00007f97bce7ba88 0000000000000000
0x00007f97c1254d68:   00007f97bce788d8 0000000000000000
0x00007f97c1254d78:   00007f97c1254da0 00007f97c1254e00
0x00007f97c1254d88:   00007f97a9007c4d 00000000ebf56558
0x00007f97c1254d98:   00007f97a900f578 0000000000000000
0x00007f97c1254da8:   00007f97a9007760 00007f975a0158e0
0x00007f97c1254db8:   0000000000000001 00007f97c1254dc0
0x00007f97c1254dc8:   00007f97bceda4bc 00007f97c1254e28
0x00007f97c1254dd8:   00007f97bcef2028 0000000000000000
0x00007f97c1254de8:   00007f97bceda4e8 00007f97c1254da0
0x00007f97c1254df8:   00007f97c1254e20 00007f97c1254e70
0x00007f97c1254e08:   00007f97a9007c4d 00007f975a0158e0
0x00007f97c1254e18:   0000000000000000 0000000000000000
0x00007f97c1254e28:   00000000ec9acb88 00007f97c1254e30
0x00007f97c1254e38:   00007f97bceda668 00007f97c1254e80
0x00007f97c1254e48:   00007f97bcef2028 0000000000000000
0x00007f97c1254e58:   00007f97bceda688 00007f97c1254e20
0x00007f97c1254e68:   00007f97c1254e80 00007f97c1254ec8
0x00007f97c1254e78:   00007f97a9007c4d 00000000ec9acb88
0x00007f97c1254e88:   00007f97c1254e88 00007f97bd19a1cf
0x00007f97c1254e98:   00007f97c1254ee0 00007f97bd19a348
0x00007f97c1254ea8:   0000000000000000 00007f97bd19a230
0x00007f97c1254eb8:   00007f97c1254e80 00007f97c1254ee0
0x00007f97c1254ec8:   00007f97c1254f28 00007f97a9007c4d
0x00007f97c1254ed8:   00000000ec9acac0 00000000ec963798
0x00007f97c1254ee8:   00007f97c1254ee8 00007f97bd199394
0x00007f97c1254ef8:   00007f97c1254f58 00007f97bd199458
0x00007f97c1254f08:   0000000000000000 00007f97bd1993e8 

Instructions: (pc=0x00007f9752dd8268)
0x00007f9752dd8248:   01 00 00 00 8b 81 7c 01 00 00 48 89 c2 48 c1 e0
0x00007f9752dd8258:   07 48 c1 e2 04 48 01 c2 48 03 51 18 48 89 51 28
0x00007f9752dd8268:   48 8b 06 48 89 02 48 8b 46 08 48 89 42 08 48 8b
0x00007f9752dd8278:   46 10 48 89 42 10 48 8b 46 18 48 89 42 18 48 8b 

Register to memory mapping:

RAX=0x0000000000000000 is an unknown value
RBX={method} {0x00007f97bce788d8} 'callPV' '(JJ)V' in 'org/lwjgl/system/JNI'
RCX=0x0000000041c1cbd8 is an unknown value
RDX=0x00007f97b8494030 is an unknown value
RSP=0x00007f97c1254d18 is pointing into the stack for thread: 0x00007f97b800a800
RBP=0x00007f97c1254d80 is pointing into the stack for thread: 0x00007f97b800a800
RSI=0x0000000000000000 is an unknown value
RDI=0x0000000041ba6000 is an unknown value
R8 =0x0000000000000000 is an unknown value
R9 =0x0000000000000009 is an unknown value
R10=0x00007f97a9013768 is at code_begin+808 in an Interpreter codelet
method entry point (kind = native)  [0x00007f97a9013440, 0x00007f97a9013d40]  2304 bytes
R11=0x00007f9752dd8230: <offset 0x11c2230> in /usr/lib/nvidia-304-updates/libnvidia-glcore.so.304.131 at 0x00007f9751c16000
R12=0x0000000000000000 is an unknown value
R13={method} {0x00007f97bce788d8} 'callPV' '(JJ)V' in 'org/lwjgl/system/JNI'
R14=0x00007f97c1254db8 is pointing into the stack for thread: 0x00007f97b800a800
R15=0x00007f97b800a800 is a thread


Stack: [0x00007f97c1156000,0x00007f97c1257000],  sp=0x00007f97c1254d18,  free space=1019k
Native frames: (J=compiled Java code, j=interpreted, Vv=VM code, C=native code)
C  [libnvidia-glcore.so.304.131+0x11c2268]
j  org.lwjgl.opengl.GL11.nglLoadMatrixf(J)V+20
j  org.lwjgl.opengl.GL11.glLoadMatrixf(Ljava/nio/FloatBuffer;)V+16
j  com.lunagameserve.Camera.setMatrices()V+47
j  com.lunagameserve.DungeonScreen.render()V+4
j  com.lunagameserve.Engine.start(JLcom/lunagameserve/Screen;)V+60
j  com.lunagameserve.drivers.LwjglDriver.loop()V+31
j  com.lunagameserve.drivers.LwjglDriver.run()V+37
j  com.lunagameserve.drivers.LwjglDriver.main([Ljava/lang/String;)V+7
v  ~StubRoutines::call_stub
V  [libjvm.so+0x681a26]  JavaCalls::call_helper(JavaValue*, methodHandle*, JavaCallArguments*, Thread*)+0x1056
V  [libjvm.so+0x984f17]  Reflection::invoke(instanceKlassHandle, methodHandle, Handle, bool, objArrayHandle, BasicType, objArrayHandle, bool, Thread*)+0x5d7
V  [libjvm.so+0x9885e7]  Reflection::invoke_method(oopDesc*, Handle, objArrayHandle, Thread*)+0x147
V  [libjvm.so+0x70f5ab]  JVM_InvokeMethod+0x26b
j  sun.reflect.NativeMethodAccessorImpl.invoke0(Ljava/lang/reflect/Method;Ljava/lang/Object;[Ljava/lang/Object;)Ljava/lang/Object;+0
j  sun.reflect.NativeMethodAccessorImpl.invoke(Ljava/lang/Object;[Ljava/lang/Object;)Ljava/lang/Object;+100
j  sun.reflect.DelegatingMethodAccessorImpl.invoke(Ljava/lang/Object;[Ljava/lang/Object;)Ljava/lang/Object;+6
j  java.lang.reflect.Method.invoke(Ljava/lang/Object;[Ljava/lang/Object;)Ljava/lang/Object;+56
j  com.intellij.rt.execution.application.AppMain.main([Ljava/lang/String;)V+157
v  ~StubRoutines::call_stub
V  [libjvm.so+0x681a26]  JavaCalls::call_helper(JavaValue*, methodHandle*, JavaCallArguments*, Thread*)+0x1056
V  [libjvm.so+0x6c3692]  jni_invoke_static(JNIEnv_*, JavaValue*, _jobject*, JNICallType, _jmethodID*, JNI_ArgumentPusher*, Thread*)+0x362
V  [libjvm.so+0x6e009a]  jni_CallStaticVoidMethod+0x17a
C  [libjli.so+0x7bcc]  JavaMain+0x80c
C  [libpthread.so.0+0x8182]  start_thread+0xc2

Java frames: (J=compiled Java code, j=interpreted, Vv=VM code)
j  org.lwjgl.system.JNI.callPV(JJ)V+0
j  org.lwjgl.opengl.GL11.nglLoadMatrixf(J)V+20
j  org.lwjgl.opengl.GL11.glLoadMatrixf(Ljava/nio/FloatBuffer;)V+16
j  com.lunagameserve.Camera.setMatrices()V+47
j  com.lunagameserve.DungeonScreen.render()V+4
j  com.lunagameserve.Engine.start(JLcom/lunagameserve/Screen;)V+60
j  com.lunagameserve.drivers.LwjglDriver.loop()V+31
j  com.lunagameserve.drivers.LwjglDriver.run()V+37
j  com.lunagameserve.drivers.LwjglDriver.main([Ljava/lang/String;)V+7
v  ~StubRoutines::call_stub
j  sun.reflect.NativeMethodAccessorImpl.invoke0(Ljava/lang/reflect/Method;Ljava/lang/Object;[Ljava/lang/Object;)Ljava/lang/Object;+0
j  sun.reflect.NativeMethodAccessorImpl.invoke(Ljava/lang/Object;[Ljava/lang/Object;)Ljava/lang/Object;+100
j  sun.reflect.DelegatingMethodAccessorImpl.invoke(Ljava/lang/Object;[Ljava/lang/Object;)Ljava/lang/Object;+6
j  java.lang.reflect.Method.invoke(Ljava/lang/Object;[Ljava/lang/Object;)Ljava/lang/Object;+56
j  com.intellij.rt.execution.application.AppMain.main([Ljava/lang/String;)V+157
v  ~StubRoutines::call_stub

---------------  P R O C E S S  ---------------

Java Threads: ( => current thread )
  0x00007f97b814f000 JavaThread "Monitor Ctrl-Break" daemon [_thread_in_native, id=10674, stack(0x00007f97888ac000,0x00007f97889ad000)]
  0x00007f97b80da800 JavaThread "Service Thread" daemon [_thread_blocked, id=10672, stack(0x00007f9788cb0000,0x00007f9788db1000)]
  0x00007f97b80c5800 JavaThread "C1 CompilerThread3" daemon [_thread_blocked, id=10669, stack(0x00007f9788db1000,0x00007f9788eb2000)]
  0x00007f97b80c3800 JavaThread "C2 CompilerThread2" daemon [_thread_blocked, id=10668, stack(0x00007f9788eb2000,0x00007f9788fb3000)]
  0x00007f97b80c1800 JavaThread "C2 CompilerThread1" daemon [_thread_blocked, id=10667, stack(0x00007f9788fb3000,0x00007f97890b4000)]
  0x00007f97b80be800 JavaThread "C2 CompilerThread0" daemon [_thread_blocked, id=10666, stack(0x00007f97890b4000,0x00007f97891b5000)]
  0x00007f97b80bd000 JavaThread "Signal Dispatcher" daemon [_thread_blocked, id=10665, stack(0x00007f97891b5000,0x00007f97892b6000)]
  0x00007f97b8087800 JavaThread "Finalizer" daemon [_thread_blocked, id=10659, stack(0x00007f9789998000,0x00007f9789a99000)]
  0x00007f97b8085800 JavaThread "Reference Handler" daemon [_thread_blocked, id=10656, stack(0x00007f9789a99000,0x00007f9789b9a000)]
=>0x00007f97b800a800 JavaThread "main" [_thread_in_native, id=10637, stack(0x00007f97c1156000,0x00007f97c1257000)]

Other Threads:
  0x00007f97b8080000 VMThread [stack: 0x00007f9789b9a000,0x00007f9789c9b000] [id=10654]
  0x00007f97b80dd800 WatcherThread [stack: 0x00007f9788baf000,0x00007f9788cb0000] [id=10673]

VM state:not at safepoint (normal execution)

VM Mutex/Monitor currently owned by a thread: None

Heap:
 PSYoungGen      total 18432K, used 14118K [0x00000000ebc00000, 0x00000000ed080000, 0x0000000100000000)
  eden space 15872K, 88% used [0x00000000ebc00000,0x00000000ec9c9bd8,0x00000000ecb80000)
  from space 2560K, 0% used [0x00000000ece00000,0x00000000ece00000,0x00000000ed080000)
  to   space 2560K, 0% used [0x00000000ecb80000,0x00000000ecb80000,0x00000000ece00000)
 ParOldGen       total 42496K, used 0K [0x00000000c3400000, 0x00000000c5d80000, 0x00000000ebc00000)
  object space 42496K, 0% used [0x00000000c3400000,0x00000000c3400000,0x00000000c5d80000)
 Metaspace       used 7568K, capacity 8410K, committed 8576K, reserved 1056768K
  class space    used 568K, capacity 586K, committed 640K, reserved 1048576K

Card table byte_map: [0x00007f97bdd50000,0x00007f97bdf37000] byte_map_base: 0x00007f97bd736000

Marking Bits: (ParMarkBitMap*) 0x00007f97c0634760
 Begin Bits: [0x00007f978a1a0000, 0x00007f978b0d0000)
 End Bits:   [0x00007f978b0d0000, 0x00007f978c000000)

Polling page: 0x00007f97c127b000

CodeCache: size=245760Kb used=2108Kb max_used=2108Kb free=243651Kb
 bounds [0x00007f97a9000000, 0x00007f97a9270000, 0x00007f97b8000000]
 total_blobs=1029 nmethods=353 adapters=591
 compilation: enabled

Compilation events (10 events):
Event: 1.233 Thread 0x00007f97b80c5800 nmethod 349 0x00007f97a9206590 code [0x00007f97a92066e0, 0x00007f97a92067d0]
Event: 1.233 Thread 0x00007f97b80c5800  350       3       java.net.URLClassLoader::defineClass (142 bytes)
Event: 1.237 Thread 0x00007f97b80c5800 nmethod 350 0x00007f97a9207450 code [0x00007f97a92077c0, 0x00007f97a9209a78]
Event: 1.237 Thread 0x00007f97b80c5800  352       3       java.util.jar.JarFile::getManifestFromReference (113 bytes)
Event: 1.239 Thread 0x00007f97b80be800 nmethod 346 0x00007f97a9204510 code [0x00007f97a9204680, 0x00007f97a9204a58]
Event: 1.240 Thread 0x00007f97b80c5800 nmethod 352 0x00007f97a920c750 code [0x00007f97a920ca80, 0x00007f97a920e0b8]
Event: 1.240 Thread 0x00007f97b80c5800  351       3       java.util.jar.JarFile::getManifest (5 bytes)
Event: 1.240 Thread 0x00007f97b80c5800 nmethod 351 0x00007f97a9204190 code [0x00007f97a9204300, 0x00007f97a9204488]
Event: 1.257 Thread 0x00007f97b80c5800  353  s    3       java.util.Vector::elementAt (48 bytes)
Event: 1.258 Thread 0x00007f97b80c5800 nmethod 353 0x00007f97a920b410 code [0x00007f97a920b620, 0x00007f97a920c1a8]

GC Heap History (0 events):
No events

Deoptimization events (1 events):
Event: 0.887 Thread 0x00007f97b800a800 Uncommon trap: reason=unstable_if action=reinterpret pc=0x00007f97a9145804 method=java.lang.String.indexOf(II)I @ 49

Internal exceptions (6 events):
Event: 0.049 Thread 0x00007f97b800a800 Exception <a 'java/lang/NoSuchMethodError': Method sun.misc.Unsafe.defineClass(Ljava/lang/String;[BII)Ljava/lang/Class; name or signature does not match> (0x00000000ebc12898) thrown at [/RE-WORK/workspace/8-2-build-linux-amd64/jdk8u45/3457/hotspot/src/sha
Event: 0.049 Thread 0x00007f97b800a800 Exception <a 'java/lang/NoSuchMethodError': Method sun.misc.Unsafe.prefetchRead(Ljava/lang/Object;J)V name or signature does not match> (0x00000000ebc12b28) thrown at [/RE-WORK/workspace/8-2-build-linux-amd64/jdk8u45/3457/hotspot/src/share/vm/prims/jni.cp
Event: 0.195 Thread 0x00007f97b800a800 Exception <a 'java/security/PrivilegedActionException'> (0x00000000ebdf7ed8) thrown at [/RE-WORK/workspace/8-2-build-linux-amd64/jdk8u45/3457/hotspot/src/share/vm/prims/jvm.cpp, line 1382]
Event: 0.195 Thread 0x00007f97b800a800 Exception <a 'java/security/PrivilegedActionException'> (0x00000000ebdf8090) thrown at [/RE-WORK/workspace/8-2-build-linux-amd64/jdk8u45/3457/hotspot/src/share/vm/prims/jvm.cpp, line 1382]
Event: 0.196 Thread 0x00007f97b800a800 Exception <a 'java/security/PrivilegedActionException'> (0x00000000ebdfa220) thrown at [/RE-WORK/workspace/8-2-build-linux-amd64/jdk8u45/3457/hotspot/src/share/vm/prims/jvm.cpp, line 1382]
Event: 0.196 Thread 0x00007f97b800a800 Exception <a 'java/security/PrivilegedActionException'> (0x00000000ebdfa3d8) thrown at [/RE-WORK/workspace/8-2-build-linux-amd64/jdk8u45/3457/hotspot/src/share/vm/prims/jvm.cpp, line 1382]

Events (10 events):
Event: 1.242 loading class java/text/DecimalFormat
Event: 1.243 loading class java/text/DecimalFormat done
Event: 1.255 loading class com/lunagameserve/UpdatePacket
Event: 1.255 loading class com/lunagameserve/UpdatePacket done
Event: 1.255 loading class com/lunagameserve/UpdateResult
Event: 1.255 loading class com/lunagameserve/UpdateResult done
Event: 1.257 loading class org/joml/Matrix4f
Event: 1.257 loading class org/joml/Matrix4f done
Event: 1.272 loading class java/nio/HeapFloatBuffer
Event: 1.274 loading class java/nio/HeapFloatBuffer done


Dynamic libraries:
00400000-00401000 r-xp 00000000 fc:01 7348231                            /lib/java/jdk1.8.0_45/bin/java
00600000-00601000 rw-p 00000000 fc:01 7348231                            /lib/java/jdk1.8.0_45/bin/java
00bb4000-00bd5000 rw-p 00000000 00:00 0                                  [heap]
40078000-4007a000 r-xs 00000000 fc:01 4719461                            /tmp/glE2Co6d (deleted)
41ba6000-41c24000 rw-p 00000000 00:00 0 
c3400000-c5d80000 rw-p 00000000 00:00 0 
c5d80000-ebc00000 ---p 00000000 00:00 0 
ebc00000-ed080000 rw-p 00000000 00:00 0 
ed080000-100000000 ---p 00000000 00:00 0 
100000000-1000a0000 rw-p 00000000 00:00 0 
1000a0000-140000000 ---p 00000000 00:00 0 
7f9751c16000-7f97535e6000 r-xp 00000000 fc:01 6296918                    /usr/lib/nvidia-304-updates/libnvidia-glcore.so.304.131
7f97535e6000-7f97537e5000 ---p 019d0000 fc:01 6296918                    /usr/lib/nvidia-304-updates/libnvidia-glcore.so.304.131
7f97537e5000-7f9753fe6000 rwxp 019cf000 fc:01 6296918                    /usr/lib/nvidia-304-updates/libnvidia-glcore.so.304.131
7f9753fe6000-7f9754000000 rwxp 00000000 00:00 0 
7f9754000000-7f9754021000 rw-p 00000000 00:00 0 
7f9754021000-7f9758000000 ---p 00000000 00:00 0 
7f975971a000-7f9759b1a000 rw-s 71f5e000 00:05 10046                      /dev/nvidia0
7f9759b1a000-7f9759b1d000 r-xp 00000000 fc:01 6436763                    /usr/lib/nvidia-304-updates/tls/libnvidia-tls.so.304.131
7f9759b1d000-7f9759d1c000 ---p 00003000 fc:01 6436763                    /usr/lib/nvidia-304-updates/tls/libnvidia-tls.so.304.131
7f9759d1c000-7f9759d1d000 rw-p 00002000 fc:01 6436763                    /usr/lib/nvidia-304-updates/tls/libnvidia-tls.so.304.131
7f9759d1d000-7f9759de7000 r-xp 00000000 fc:01 6296929                    /usr/lib/nvidia-304-updates/libGL.so.304.131
7f9759de7000-7f9759fe7000 ---p 000ca000 fc:01 6296929                    /usr/lib/nvidia-304-updates/libGL.so.304.131
7f9759fe7000-7f975a024000 rwxp 000ca000 fc:01 6296929                    /usr/lib/nvidia-304-updates/libGL.so.304.131
7f975a024000-7f975a03a000 rwxp 00000000 00:00 0 
7f975a03a000-7f975a03f000 r-xp 00000000 fc:01 6037491                    /usr/lib/x86_64-linux-gnu/libXdmcp.so.6.0.0
7f975a03f000-7f975a23e000 ---p 00005000 fc:01 6037491                    /usr/lib/x86_64-linux-gnu/libXdmcp.so.6.0.0
7f975a23e000-7f975a23f000 r--p 00004000 fc:01 6037491                    /usr/lib/x86_64-linux-gnu/libXdmcp.so.6.0.0
7f975a23f000-7f975a240000 rw-p 00005000 fc:01 6037491                    /usr/lib/x86_64-linux-gnu/libXdmcp.so.6.0.0
7f975a240000-7f975a242000 r-xp 00000000 fc:01 6037480                    /usr/lib/x86_64-linux-gnu/libXau.so.6.0.0
7f975a242000-7f975a442000 ---p 00002000 fc:01 6037480                    /usr/lib/x86_64-linux-gnu/libXau.so.6.0.0
7f975a442000-7f975a443000 r--p 00002000 fc:01 6037480                    /usr/lib/x86_64-linux-gnu/libXau.so.6.0.0
7f975a443000-7f975a444000 rw-p 00003000 fc:01 6037480                    /usr/lib/x86_64-linux-gnu/libXau.so.6.0.0
7f975a444000-7f975a449000 r-xp 00000000 fc:01 6029792                    /usr/lib/x86_64-linux-gnu/libXfixes.so.3.1.0
7f975a449000-7f975a648000 ---p 00005000 fc:01 6029792                    /usr/lib/x86_64-linux-gnu/libXfixes.so.3.1.0
7f975a648000-7f975a649000 r--p 00004000 fc:01 6029792                    /usr/lib/x86_64-linux-gnu/libXfixes.so.3.1.0
7f975a649000-7f975a64a000 rw-p 00005000 fc:01 6029792                    /usr/lib/x86_64-linux-gnu/libXfixes.so.3.1.0
7f975a64a000-7f975a653000 r-xp 00000000 fc:01 6033047                    /usr/lib/x86_64-linux-gnu/libXrender.so.1.3.0
7f975a653000-7f975a852000 ---p 00009000 fc:01 6033047                    /usr/lib/x86_64-linux-gnu/libXrender.so.1.3.0
7f975a852000-7f975a853000 r--p 00008000 fc:01 6033047                    /usr/lib/x86_64-linux-gnu/libXrender.so.1.3.0
7f975a853000-7f975a854000 rw-p 00009000 fc:01 6033047                    /usr/lib/x86_64-linux-gnu/libXrender.so.1.3.0
7f975a854000-7f975a865000 r-xp 00000000 fc:01 6030520                    /usr/lib/x86_64-linux-gnu/libXext.so.6.4.0
7f975a865000-7f975aa64000 ---p 00011000 fc:01 6030520                    /usr/lib/x86_64-linux-gnu/libXext.so.6.4.0
7f975aa64000-7f975aa65000 r--p 00010000 fc:01 6030520                    /usr/lib/x86_64-linux-gnu/libXext.so.6.4.0
7f975aa65000-7f975aa66000 rw-p 00011000 fc:01 6030520                    /usr/lib/x86_64-linux-gnu/libXext.so.6.4.0
7f975aa66000-7f975aa83000 r-xp 00000000 fc:01 6038548                    /usr/lib/x86_64-linux-gnu/libxcb.so.1.1.0
7f975aa83000-7f975ac83000 ---p 0001d000 fc:01 6038548                    /usr/lib/x86_64-linux-gnu/libxcb.so.1.1.0
7f975ac83000-7f975ac84000 r--p 0001d000 fc:01 6038548                    /usr/lib/x86_64-linux-gnu/libxcb.so.1.1.0
7f975ac84000-7f975ac85000 rw-p 0001e000 fc:01 6038548                    /usr/lib/x86_64-linux-gnu/libxcb.so.1.1.0
7f975ac85000-7f975ac8e000 r-xp 00000000 fc:01 6037487                    /usr/lib/x86_64-linux-gnu/libXcursor.so.1.0.2
7f975ac8e000-7f975ae8d000 ---p 00009000 fc:01 6037487                    /usr/lib/x86_64-linux-gnu/libXcursor.so.1.0.2
7f975ae8d000-7f975ae8e000 r--p 00008000 fc:01 6037487                    /usr/lib/x86_64-linux-gnu/libXcursor.so.1.0.2
7f975ae8e000-7f975ae8f000 rw-p 00009000 fc:01 6037487                    /usr/lib/x86_64-linux-gnu/libXcursor.so.1.0.2
7f975ae8f000-7f975ae93000 r-xp 00000000 fc:01 6037531                    /usr/lib/x86_64-linux-gnu/libXxf86vm.so.1.0.0
7f975ae93000-7f975b093000 ---p 00004000 fc:01 6037531                    /usr/lib/x86_64-linux-gnu/libXxf86vm.so.1.0.0
7f975b093000-7f975b094000 r--p 00004000 fc:01 6037531                    /usr/lib/x86_64-linux-gnu/libXxf86vm.so.1.0.0
7f975b094000-7f975b095000 rw-p 00005000 fc:01 6037531                    /usr/lib/x86_64-linux-gnu/libXxf86vm.so.1.0.0
7f975b095000-7f975b0a4000 r-xp 00000000 fc:01 6033045                    /usr/lib/x86_64-linux-gnu/libXi.so.6.1.0
7f975b0a4000-7f975b2a3000 ---p 0000f000 fc:01 6033045                    /usr/lib/x86_64-linux-gnu/libXi.so.6.1.0
7f975b2a3000-7f975b2a4000 r--p 0000e000 fc:01 6033045                    /usr/lib/x86_64-linux-gnu/libXi.so.6.1.0
7f975b2a4000-7f975b2a5000 rw-p 0000f000 fc:01 6033045                    /usr/lib/x86_64-linux-gnu/libXi.so.6.1.0
7f975b2a5000-7f975b2a7000 r-xp 00000000 fc:01 6037503                    /usr/lib/x86_64-linux-gnu/libXinerama.so.1.0.0
7f975b2a7000-7f975b4a6000 ---p 00002000 fc:01 6037503                    /usr/lib/x86_64-linux-gnu/libXinerama.so.1.0.0
7f975b4a6000-7f975b4a7000 r--p 00001000 fc:01 6037503                    /usr/lib/x86_64-linux-gnu/libXinerama.so.1.0.0
7f975b4a7000-7f975b4a8000 rw-p 00002000 fc:01 6037503                    /usr/lib/x86_64-linux-gnu/libXinerama.so.1.0.0
7f975b4a8000-7f975b4b1000 r-xp 00000000 fc:01 6037513                    /usr/lib/x86_64-linux-gnu/libXrandr.so.2.2.0
7f975b4b1000-7f975b6b0000 ---p 00009000 fc:01 6037513                    /usr/lib/x86_64-linux-gnu/libXrandr.so.2.2.0
7f975b6b0000-7f975b6b1000 r--p 00008000 fc:01 6037513                    /usr/lib/x86_64-linux-gnu/libXrandr.so.2.2.0
7f975b6b1000-7f975b6b2000 rw-p 00009000 fc:01 6037513                    /usr/lib/x86_64-linux-gnu/libXrandr.so.2.2.0
7f975b6b2000-7f975b7e2000 r-xp 00000000 fc:01 6037476                    /usr/lib/x86_64-linux-gnu/libX11.so.6.3.0
7f975b7e2000-7f975b9e2000 ---p 00130000 fc:01 6037476                    /usr/lib/x86_64-linux-gnu/libX11.so.6.3.0
7f975b9e2000-7f975b9e3000 r--p 00130000 fc:01 6037476                    /usr/lib/x86_64-linux-gnu/libX11.so.6.3.0
7f975b9e3000-7f975b9e7000 rw-p 00131000 fc:01 6037476                    /usr/lib/x86_64-linux-gnu/libX11.so.6.3.0
7f975b9e7000-7f975b9eb000 r-xp 00000000 fc:01 7353241                    /lib/java-libraries/lwjgl-300-64/native/libglfw.so
7f975b9eb000-7f975b9ff000 r-xp 00000000 00:00 0 
7f975b9ff000-7f975bbfe000 ---p 00018000 fc:01 7353241                    /lib/java-libraries/lwjgl-300-64/native/libglfw.so
7f975bbfe000-7f975bbff000 rw-p 0000d000 fc:01 7353241                    /lib/java-libraries/lwjgl-300-64/native/libglfw.so
7f975bbff000-7f975c000000 rw-p 00000000 00:00 0 
7f975c000000-7f975c021000 rw-p 00000000 00:00 0 
7f975c021000-7f9760000000 ---p 00000000 00:00 0 
7f9760000000-7f9760021000 rw-p 00000000 00:00 0 
7f9760021000-7f9764000000 ---p 00000000 00:00 0 
7f9764000000-7f97640a4000 rw-p 00000000 00:00 0 
7f97640a4000-7f9768000000 ---p 00000000 00:00 0 
7f9768000000-7f97681b5000 rw-p 00000000 00:00 0 
7f97681b5000-7f976c000000 ---p 00000000 00:00 0 
7f976c000000-7f976c106000 rw-p 00000000 00:00 0 
7f976c106000-7f9770000000 ---p 00000000 00:00 0 
7f9770000000-7f977012c000 rw-p 00000000 00:00 0 
7f977012c000-7f9774000000 ---p 00000000 00:00 0 
7f9774000000-7f9774021000 rw-p 00000000 00:00 0 
7f9774021000-7f9778000000 ---p 00000000 00:00 0 
7f9778000000-7f9778021000 rw-p 00000000 00:00 0 
7f9778021000-7f977c000000 ---p 00000000 00:00 0 
7f977c000000-7f977c021000 rw-p 00000000 00:00 0 
7f977c021000-7f9780000000 ---p 00000000 00:00 0 
7f9780000000-7f9780021000 rw-p 00000000 00:00 0 
7f9780021000-7f9784000000 ---p 00000000 00:00 0 
7f9784000000-7f9784021000 rw-p 00000000 00:00 0 
7f9784021000-7f9788000000 ---p 00000000 00:00 0 
7f97880e0000-7f97880e4000 rw-p 00000000 00:00 0 
7f97880e4000-7f9788124000 rw-s 87fa4000 00:05 10046                      /dev/nvidia0
7f9788124000-7f9788144000 rw-s 8ab12000 00:05 10046                      /dev/nvidia0
7f9788144000-7f9788184000 rw-s 8560c000 00:05 10046                      /dev/nvidia0
7f9788184000-7f97881a4000 rw-s 87ff9000 00:05 10046                      /dev/nvidia0
7f97881a4000-7f97881bf000 rw-s bd511000 00:05 10046                      /dev/nvidia0
7f97881bf000-7f97881c2000 r-xp 00000000 fc:01 7353244                    /lib/java-libraries/lwjgl-300-64/native/libjemalloc.so
7f97881c2000-7f97881fe000 r-xp 00000000 00:00 0 
7f97881fe000-7f97883fd000 ---p 0003f000 fc:01 7353244                    /lib/java-libraries/lwjgl-300-64/native/libjemalloc.so
7f97883fd000-7f97883ff000 r--p 0001c000 fc:01 7353244                    /lib/java-libraries/lwjgl-300-64/native/libjemalloc.so
7f97883ff000-7f9788400000 rw-p 0001e000 fc:01 7353244                    /lib/java-libraries/lwjgl-300-64/native/libjemalloc.so
7f9788400000-7f9788401000 rw-p 00000000 00:00 0 
7f9788401000-7f978840e000 r-xp 00000000 fc:01 7353247                    /lib/java-libraries/lwjgl-300-64/native/liblwjgl.so
7f978840e000-7f9788462000 r-xp 00000000 00:00 0 
7f9788462000-7f9788661000 ---p 00061000 fc:01 7353247                    /lib/java-libraries/lwjgl-300-64/native/liblwjgl.so
7f9788661000-7f9788663000 rw-p 00033000 fc:01 7353247                    /lib/java-libraries/lwjgl-300-64/native/liblwjgl.so
7f9788663000-7f9788695000 rw-p 00000000 00:00 0 
7f9788695000-7f97886ab000 r-xp 00000000 fc:01 7348080                    /lib/java/jdk1.8.0_45/jre/lib/amd64/libnet.so
7f97886ab000-7f97888ab000 ---p 00016000 fc:01 7348080                    /lib/java/jdk1.8.0_45/jre/lib/amd64/libnet.so
7f97888ab000-7f97888ac000 rw-p 00016000 fc:01 7348080                    /lib/java/jdk1.8.0_45/jre/lib/amd64/libnet.so
7f97888ac000-7f97888af000 ---p 00000000 00:00 0 
7f97888af000-7f97889ad000 rw-p 00000000 00:00 0                          [stack:10674]
7f97889ad000-7f97889ae000 r-xp 00000000 fc:01 6169884                    /usr/share/jetbrains/idea-IC-141.1010.3/bin/libbreakgen64.so
7f97889ae000-7f9788bad000 ---p 00001000 fc:01 6169884                    /usr/share/jetbrains/idea-IC-141.1010.3/bin/libbreakgen64.so
7f9788bad000-7f9788bae000 r--p 00000000 fc:01 6169884                    /usr/share/jetbrains/idea-IC-141.1010.3/bin/libbreakgen64.so
7f9788bae000-7f9788baf000 rw-p 00001000 fc:01 6169884                    /usr/share/jetbrains/idea-IC-141.1010.3/bin/libbreakgen64.so
7f9788baf000-7f9788bb0000 ---p 00000000 00:00 0 
7f9788bb0000-7f9788cb0000 rw-p 00000000 00:00 0                          [stack:10673]
7f9788cb0000-7f9788cb3000 ---p 00000000 00:00 0 
7f9788cb3000-7f9788db1000 rw-p 00000000 00:00 0                          [stack:10672]
7f9788db1000-7f9788db4000 ---p 00000000 00:00 0 
7f9788db4000-7f9788eb2000 rw-p 00000000 00:00 0                          [stack:10669]
7f9788eb2000-7f9788eb5000 ---p 00000000 00:00 0 
7f9788eb5000-7f9788fb3000 rw-p 00000000 00:00 0                          [stack:10668]
7f9788fb3000-7f9788fb6000 ---p 00000000 00:00 0 
7f9788fb6000-7f97890b4000 rw-p 00000000 00:00 0                          [stack:10667]
7f97890b4000-7f97890b7000 ---p 00000000 00:00 0 
7f97890b7000-7f97891b5000 rw-p 00000000 00:00 0                          [stack:10666]
7f97891b5000-7f97891b8000 ---p 00000000 00:00 0 
7f97891b8000-7f97892b6000 rw-p 00000000 00:00 0                          [stack:10665]
7f97892b6000-7f9789998000 r--p 00000000 fc:01 6036454                    /usr/lib/locale/locale-archive
7f9789998000-7f978999b000 ---p 00000000 00:00 0 
7f978999b000-7f9789a99000 rw-p 00000000 00:00 0                          [stack:10659]
7f9789a99000-7f9789a9c000 ---p 00000000 00:00 0 
7f9789a9c000-7f9789b9a000 rw-p 00000000 00:00 0                          [stack:10656]
7f9789b9a000-7f9789b9b000 ---p 00000000 00:00 0 
7f9789b9b000-7f978c000000 rw-p 00000000 00:00 0                          [stack:10654]
7f978c000000-7f978c021000 rw-p 00000000 00:00 0 
7f978c021000-7f9790000000 ---p 00000000 00:00 0 
7f9790000000-7f9790021000 rw-p 00000000 00:00 0 
7f9790021000-7f9794000000 ---p 00000000 00:00 0 
7f9794000000-7f9794021000 rw-p 00000000 00:00 0 
7f9794021000-7f9798000000 ---p 00000000 00:00 0 
7f9798000000-7f9798021000 rw-p 00000000 00:00 0 
7f9798021000-7f979c000000 ---p 00000000 00:00 0 
7f979c000000-7f979c021000 rw-p 00000000 00:00 0 
7f979c021000-7f97a0000000 ---p 00000000 00:00 0 
7f97a0000000-7f97a0021000 rw-p 00000000 00:00 0 
7f97a0021000-7f97a4000000 ---p 00000000 00:00 0 
7f97a4000000-7f97a4021000 rw-p 00000000 00:00 0 
7f97a4021000-7f97a8000000 ---p 00000000 00:00 0 
7f97a8000000-7f97a8002000 rw-p 00000000 00:00 0 
7f97a8002000-7f97a8004000 rw-s 00000000 fc:01 4719461                    /tmp/glE2Co6d (deleted)
7f97a8004000-7f97a8008000 rw-s 1b6c1000 00:05 10046                      /dev/nvidia0
7f97a8008000-7f97a8009000 rw-s d000b000 00:05 10046                      /dev/nvidia0
7f97a8009000-7f97a800a000 rw-s 854cf000 00:05 10046                      /dev/nvidia0
7f97a800a000-7f97a800e000 rw-s 855b2000 00:05 10046                      /dev/nvidia0
7f97a800e000-7f97a800f000 rw-s ccc14000 00:05 10046                      /dev/nvidia0
7f97a800f000-7f97a8010000 rw-s ccc12000 00:05 10046                      /dev/nvidia0
7f97a8010000-7f97a8011000 rw-s cc641000 00:05 10046                      /dev/nvidia0
7f97a8011000-7f97a8012000 rw-s bc9f8000 00:05 10046                      /dev/nvidia0
7f97a8012000-7f97a8013000 rw-s 84059000 00:05 10046                      /dev/nvidia0
7f97a8013000-7f97a8014000 rw-s cc060000 00:05 10046                      /dev/nvidia0
7f97a8014000-7f97a801b000 r--s 00000000 fc:01 6297643                    /usr/lib/x86_64-linux-gnu/gconv/gconv-modules.cache
7f97a801b000-7f97a8037000 r--s 001e5000 fc:01 7353234                    /lib/java-libraries/lwjgl-300-64/jar/lwjgl.jar
7f97a8037000-7f97a8051000 r--s 001f3000 fc:01 7348026                    /lib/java/jdk1.8.0_45/jre/lib/deploy.jar
7f97a8051000-7f97a8064000 r--s 00344000 fc:01 7348027                    /lib/java/jdk1.8.0_45/jre/lib/resources.jar
7f97a8064000-7f97a8069000 r--s 00094000 fc:01 7348031                    /lib/java/jdk1.8.0_45/jre/lib/jsse.jar
7f97a8069000-7f97a806c000 r--s 0001a000 fc:01 7348168                    /lib/java/jdk1.8.0_45/jre/lib/jce.jar
7f97a806c000-7f97a807f000 r--s 000d6000 fc:01 7348024                    /lib/java/jdk1.8.0_45/jre/lib/plugin.jar
7f97a807f000-7f97a8084000 r--s 00083000 fc:01 7348118                    /lib/java/jdk1.8.0_45/jre/lib/jfr.jar
7f97a8084000-7f97a808e000 r--s 00069000 fc:01 7348028                    /lib/java/jdk1.8.0_45/jre/lib/javaws.jar
7f97a808e000-7f97a9000000 rw-p 00000000 00:00 0 
7f97a9000000-7f97a9270000 rwxp 00000000 00:00 0 
7f97a9270000-7f97b8000000 ---p 00000000 00:00 0 
7f97b8000000-7f97b88e9000 rw-p 00000000 00:00 0 
7f97b88e9000-7f97bc000000 ---p 00000000 00:00 0 
7f97bc000000-7f97bc002000 r--s 00016000 fc:01 6169374                    /usr/share/jetbrains/idea-IC-141.1010.3/lib/idea_rt.jar
7f97bc002000-7f97bc7cf000 rw-p 00000000 00:00 0 
7f97bc7cf000-7f97bc9a8000 r--s 03d09000 fc:01 7348033                    /lib/java/jdk1.8.0_45/jre/lib/rt.jar
7f97bc9a8000-7f97bd1de000 rw-p 00000000 00:00 0 
7f97bd1de000-7f97bd21e000 ---p 00000000 00:00 0 
7f97bd21e000-7f97bd404000 rw-p 00000000 00:00 0 
7f97bd404000-7f97bd405000 ---p 00000000 00:00 0 
7f97bd405000-7f97bd505000 rw-p 00000000 00:00 0                          [stack:10653]
7f97bd505000-7f97bd506000 ---p 00000000 00:00 0 
7f97bd506000-7f97bd606000 rw-p 00000000 00:00 0                          [stack:10651]
7f97bd606000-7f97bd607000 ---p 00000000 00:00 0 
7f97bd607000-7f97bd707000 rw-p 00000000 00:00 0                          [stack:10648]
7f97bd707000-7f97bd708000 ---p 00000000 00:00 0 
7f97bd708000-7f97bd808000 rw-p 00000000 00:00 0                          [stack:10647]
7f97bd808000-7f97bd809000 ---p 00000000 00:00 0 
7f97bd809000-7f97bd909000 rw-p 00000000 00:00 0                          [stack:10645]
7f97bd909000-7f97bd90a000 ---p 00000000 00:00 0 
7f97bd90a000-7f97bda0a000 rw-p 00000000 00:00 0                          [stack:10642]
7f97bda0a000-7f97bda0b000 ---p 00000000 00:00 0 
7f97bda0b000-7f97bdb0b000 rw-p 00000000 00:00 0                          [stack:10640]
7f97bdb0b000-7f97bdb0c000 ---p 00000000 00:00 0 
7f97bdb0c000-7f97bdc21000 rw-p 00000000 00:00 0                          [stack:10638]
7f97bdc21000-7f97bdd50000 ---p 00000000 00:00 0 
7f97bdd50000-7f97bdd65000 rw-p 00000000 00:00 0 
7f97bdd65000-7f97bde94000 ---p 00000000 00:00 0 
7f97bde94000-7f97bde9f000 rw-p 00000000 00:00 0 
7f97bde9f000-7f97bdf36000 ---p 00000000 00:00 0 
7f97bdf36000-7f97bdf41000 rw-p 00000000 00:00 0 
7f97bdf41000-7f97be2f7000 ---p 00000000 00:00 0 
7f97be2f7000-7f97be311000 r-xp 00000000 fc:01 7348059                    /lib/java/jdk1.8.0_45/jre/lib/amd64/libzip.so
7f97be311000-7f97be511000 ---p 0001a000 fc:01 7348059                    /lib/java/jdk1.8.0_45/jre/lib/amd64/libzip.so
7f97be511000-7f97be512000 rw-p 0001a000 fc:01 7348059                    /lib/java/jdk1.8.0_45/jre/lib/amd64/libzip.so
7f97be512000-7f97be51d000 r-xp 00000000 fc:01 7350125                    /lib/x86_64-linux-gnu/libnss_files-2.19.so
7f97be51d000-7f97be71c000 ---p 0000b000 fc:01 7350125                    /lib/x86_64-linux-gnu/libnss_files-2.19.so
7f97be71c000-7f97be71d000 r--p 0000a000 fc:01 7350125                    /lib/x86_64-linux-gnu/libnss_files-2.19.so
7f97be71d000-7f97be71e000 rw-p 0000b000 fc:01 7350125                    /lib/x86_64-linux-gnu/libnss_files-2.19.so
7f97be71e000-7f97be729000 r-xp 00000000 fc:01 7350145                    /lib/x86_64-linux-gnu/libnss_nis-2.19.so
7f97be729000-7f97be928000 ---p 0000b000 fc:01 7350145                    /lib/x86_64-linux-gnu/libnss_nis-2.19.so
7f97be928000-7f97be929000 r--p 0000a000 fc:01 7350145                    /lib/x86_64-linux-gnu/libnss_nis-2.19.so
7f97be929000-7f97be92a000 rw-p 0000b000 fc:01 7350145                    /lib/x86_64-linux-gnu/libnss_nis-2.19.so
7f97be92a000-7f97be941000 r-xp 00000000 fc:01 7350134                    /lib/x86_64-linux-gnu/libnsl-2.19.so
7f97be941000-7f97beb40000 ---p 00017000 fc:01 7350134                    /lib/x86_64-linux-gnu/libnsl-2.19.so
7f97beb40000-7f97beb41000 r--p 00016000 fc:01 7350134                    /lib/x86_64-linux-gnu/libnsl-2.19.so
7f97beb41000-7f97beb42000 rw-p 00017000 fc:01 7350134                    /lib/x86_64-linux-gnu/libnsl-2.19.so
7f97beb42000-7f97beb44000 rw-p 00000000 00:00 0 
7f97beb44000-7f97beb4d000 r-xp 00000000 fc:01 7350133                    /lib/x86_64-linux-gnu/libnss_compat-2.19.so
7f97beb4d000-7f97bed4c000 ---p 00009000 fc:01 7350133                    /lib/x86_64-linux-gnu/libnss_compat-2.19.so
7f97bed4c000-7f97bed4d000 r--p 00008000 fc:01 7350133                    /lib/x86_64-linux-gnu/libnss_compat-2.19.so
7f97bed4d000-7f97bed4e000 rw-p 00009000 fc:01 7350133                    /lib/x86_64-linux-gnu/libnss_compat-2.19.so
7f97bed4e000-7f97bed78000 r-xp 00000000 fc:01 7348052                    /lib/java/jdk1.8.0_45/jre/lib/amd64/libjava.so
7f97bed78000-7f97bef78000 ---p 0002a000 fc:01 7348052                    /lib/java/jdk1.8.0_45/jre/lib/amd64/libjava.so
7f97bef78000-7f97bef7a000 rw-p 0002a000 fc:01 7348052                    /lib/java/jdk1.8.0_45/jre/lib/amd64/libjava.so
7f97bef7a000-7f97bef87000 r-xp 00000000 fc:01 7348094                    /lib/java/jdk1.8.0_45/jre/lib/amd64/libverify.so
7f97bef87000-7f97bf187000 ---p 0000d000 fc:01 7348094                    /lib/java/jdk1.8.0_45/jre/lib/amd64/libverify.so
7f97bf187000-7f97bf189000 rw-p 0000d000 fc:01 7348094                    /lib/java/jdk1.8.0_45/jre/lib/amd64/libverify.so
7f97bf189000-7f97bf190000 r-xp 00000000 fc:01 7350142                    /lib/x86_64-linux-gnu/librt-2.19.so
7f97bf190000-7f97bf38f000 ---p 00007000 fc:01 7350142                    /lib/x86_64-linux-gnu/librt-2.19.so
7f97bf38f000-7f97bf390000 r--p 00006000 fc:01 7350142                    /lib/x86_64-linux-gnu/librt-2.19.so
7f97bf390000-7f97bf391000 rw-p 00007000 fc:01 7350142                    /lib/x86_64-linux-gnu/librt-2.19.so
7f97bf391000-7f97bf496000 r-xp 00000000 fc:01 7350124                    /lib/x86_64-linux-gnu/libm-2.19.so
7f97bf496000-7f97bf695000 ---p 00105000 fc:01 7350124                    /lib/x86_64-linux-gnu/libm-2.19.so
7f97bf695000-7f97bf696000 r--p 00104000 fc:01 7350124                    /lib/x86_64-linux-gnu/libm-2.19.so
7f97bf696000-7f97bf697000 rw-p 00105000 fc:01 7350124                    /lib/x86_64-linux-gnu/libm-2.19.so
7f97bf697000-7f97c0345000 r-xp 00000000 fc:01 7348100                    /lib/java/jdk1.8.0_45/jre/lib/amd64/server/libjvm.so
7f97c0345000-7f97c0544000 ---p 00cae000 fc:01 7348100                    /lib/java/jdk1.8.0_45/jre/lib/amd64/server/libjvm.so
7f97c0544000-7f97c061b000 rw-p 00cad000 fc:01 7348100                    /lib/java/jdk1.8.0_45/jre/lib/amd64/server/libjvm.so
7f97c061b000-7f97c065f000 rw-p 00000000 00:00 0 
7f97c065f000-7f97c081a000 r-xp 00000000 fc:01 7350139                    /lib/x86_64-linux-gnu/libc-2.19.so
7f97c081a000-7f97c0a19000 ---p 001bb000 fc:01 7350139                    /lib/x86_64-linux-gnu/libc-2.19.so
7f97c0a19000-7f97c0a1d000 r--p 001ba000 fc:01 7350139                    /lib/x86_64-linux-gnu/libc-2.19.so
7f97c0a1d000-7f97c0a1f000 rw-p 001be000 fc:01 7350139                    /lib/x86_64-linux-gnu/libc-2.19.so
7f97c0a1f000-7f97c0a24000 rw-p 00000000 00:00 0 
7f97c0a24000-7f97c0a27000 r-xp 00000000 fc:01 7350128                    /lib/x86_64-linux-gnu/libdl-2.19.so
7f97c0a27000-7f97c0c26000 ---p 00003000 fc:01 7350128                    /lib/x86_64-linux-gnu/libdl-2.19.so
7f97c0c26000-7f97c0c27000 r--p 00002000 fc:01 7350128                    /lib/x86_64-linux-gnu/libdl-2.19.so
7f97c0c27000-7f97c0c28000 rw-p 00003000 fc:01 7350128                    /lib/x86_64-linux-gnu/libdl-2.19.so
7f97c0c28000-7f97c0c3d000 r-xp 00000000 fc:01 7348393                    /lib/java/jdk1.8.0_45/lib/amd64/jli/libjli.so
7f97c0c3d000-7f97c0e3d000 ---p 00015000 fc:01 7348393                    /lib/java/jdk1.8.0_45/lib/amd64/jli/libjli.so
7f97c0e3d000-7f97c0e3e000 rw-p 00015000 fc:01 7348393                    /lib/java/jdk1.8.0_45/lib/amd64/jli/libjli.so
7f97c0e3e000-7f97c0e57000 r-xp 00000000 fc:01 7350140                    /lib/x86_64-linux-gnu/libpthread-2.19.so
7f97c0e57000-7f97c1056000 ---p 00019000 fc:01 7350140                    /lib/x86_64-linux-gnu/libpthread-2.19.so
7f97c1056000-7f97c1057000 r--p 00018000 fc:01 7350140                    /lib/x86_64-linux-gnu/libpthread-2.19.so
7f97c1057000-7f97c1058000 rw-p 00019000 fc:01 7350140                    /lib/x86_64-linux-gnu/libpthread-2.19.so
7f97c1058000-7f97c105c000 rw-p 00000000 00:00 0 
7f97c105c000-7f97c107f000 r-xp 00000000 fc:01 7350136                    /lib/x86_64-linux-gnu/ld-2.19.so
7f97c107f000-7f97c1084000 r--s 002f8000 fc:01 7348167                    /lib/java/jdk1.8.0_45/jre/lib/charsets.jar
7f97c1084000-7f97c1156000 rw-p 00000000 00:00 0 
7f97c1156000-7f97c1159000 ---p 00000000 00:00 0 
7f97c1159000-7f97c125b000 rw-p 00000000 00:00 0                          [stack:10637]
7f97c125b000-7f97c125c000 rwxp 00000000 00:00 0 
7f97c125c000-7f97c125e000 r--s 00007000 fc:01 7348159                    /lib/java/jdk1.8.0_45/jre/lib/jfxswt.jar
7f97c125e000-7f97c125f000 r--s 00000000 fc:01 7348166                    /lib/java/jdk1.8.0_45/jre/lib/management-agent.jar
7f97c125f000-7f97c1272000 rw-p 00000000 00:00 0 
7f97c1272000-7f97c127a000 rw-s 00000000 fc:01 4719460                    /tmp/hsperfdata_sixstring982/10633
7f97c127a000-7f97c127b000 rw-p 00000000 00:00 0 
7f97c127b000-7f97c127c000 r--p 00000000 00:00 0 
7f97c127c000-7f97c127e000 rw-p 00000000 00:00 0 
7f97c127e000-7f97c127f000 r--p 00022000 fc:01 7350136                    /lib/x86_64-linux-gnu/ld-2.19.so
7f97c127f000-7f97c1280000 rw-p 00023000 fc:01 7350136                    /lib/x86_64-linux-gnu/ld-2.19.so
7f97c1280000-7f97c1281000 rw-p 00000000 00:00 0 
7ffeb7a4c000-7ffeb7a6e000 rw-p 00000000 00:00 0                          [stack]
7ffeb7b6e000-7ffeb7b70000 r-xp 00000000 00:00 0                          [vdso]
7ffeb7b70000-7ffeb7b72000 r--p 00000000 00:00 0                          [vvar]
ffffffffff600000-ffffffffff601000 r-xp 00000000 00:00 0                  [vsyscall]

VM Arguments:
jvm_args: -Djava.library.path=/lib/java-libraries/lwjgl-300-64/native -Didea.launcher.port=7532 -Didea.launcher.bin.path=/usr/share/jetbrains/idea-IC-141.1010.3/bin -Dfile.encoding=UTF-8 
java_command: com.intellij.rt.execution.application.AppMain com.lunagameserve.drivers.LwjglDriver
java_class_path (initial): /lib/java/jdk1.8.0_45/jre/lib/rt.jar:/lib/java/jdk1.8.0_45/jre/lib/management-agent.jar:/lib/java/jdk1.8.0_45/jre/lib/jfxswt.jar:/lib/java/jdk1.8.0_45/jre/lib/javaws.jar:/lib/java/jdk1.8.0_45/jre/lib/charsets.jar:/lib/java/jdk1.8.0_45/jre/lib/jfr.jar:/lib/java/jdk1.8.0_45/jre/lib/plugin.jar:/lib/java/jdk1.8.0_45/jre/lib/jce.jar:/lib/java/jdk1.8.0_45/jre/lib/jsse.jar:/lib/java/jdk1.8.0_45/jre/lib/resources.jar:/lib/java/jdk1.8.0_45/jre/lib/deploy.jar:/lib/java/jdk1.8.0_45/jre/lib/ext/sunjce_provider.jar:/lib/java/jdk1.8.0_45/jre/lib/ext/cldrdata.jar:/lib/java/jdk1.8.0_45/jre/lib/ext/localedata.jar:/lib/java/jdk1.8.0_45/jre/lib/ext/dnsns.jar:/lib/java/jdk1.8.0_45/jre/lib/ext/zipfs.jar:/lib/java/jdk1.8.0_45/jre/lib/ext/jfxrt.jar:/lib/java/jdk1.8.0_45/jre/lib/ext/sunpkcs11.jar:/lib/java/jdk1.8.0_45/jre/lib/ext/nashorn.jar:/lib/java/jdk1.8.0_45/jre/lib/ext/sunec.jar:/home/sixstring982/Documents/Git/ggj2016/target/classes:/lib/java-libraries/lwjgl-300-64/jar/lwjgl.jar:/usr/share/jetbrains/idea-IC-141.1010.3/lib/idea_rt.jar
Launcher Type: SUN_STANDARD

Environment Variables:
PATH=/home/sixstring982/.rvm/gems/ruby-2.2.1/bin:/home/sixstring982/.rvm/gems/ruby-2.2.1@global/bin:/home/sixstring982/.rvm/rubies/ruby-2.2.1/bin:/usr/local/sbin:/usr/local/bin:/usr/sbin:/usr/bin:/sbin:/bin:/usr/games:/usr/local/games:/home/sixstring982/.rvm/bin:/home/sixstring982/.rvm/bin
LD_LIBRARY_PATH=/usr/share/jetbrains/idea-IC-141.1010.3/bin:
SHELL=/bin/bash
DISPLAY=:0

Signal Handlers:
SIGSEGV: [libjvm.so+0xaad1e0], sa_mask[0]=11111111011111111101111111111110, sa_flags=SA_RESTART|SA_SIGINFO
SIGBUS: [libjvm.so+0xaad1e0], sa_mask[0]=11111111011111111101111111111110, sa_flags=SA_RESTART|SA_SIGINFO
SIGFPE: [libjvm.so+0x90b450], sa_mask[0]=11111111011111111101111111111110, sa_flags=SA_RESTART|SA_SIGINFO
SIGPIPE: [libjvm.so+0x90b450], sa_mask[0]=11111111011111111101111111111110, sa_flags=SA_RESTART|SA_SIGINFO
SIGXFSZ: [libjvm.so+0x90b450], sa_mask[0]=11111111011111111101111111111110, sa_flags=SA_RESTART|SA_SIGINFO
SIGILL: [libjvm.so+0x90b450], sa_mask[0]=11111111011111111101111111111110, sa_flags=SA_RESTART|SA_SIGINFO
SIGUSR1: SIG_DFL, sa_mask[0]=00000000000000000000000000000000, sa_flags=none
SIGUSR2: [libjvm.so+0x90ca90], sa_mask[0]=00100000000000000000000000000000, sa_flags=SA_RESTART|SA_SIGINFO
SIGHUP: [libjvm.so+0x90dde0], sa_mask[0]=11111111011111111101111111111110, sa_flags=SA_RESTART|SA_SIGINFO
SIGINT: [libjvm.so+0x90dde0], sa_mask[0]=11111111011111111101111111111110, sa_flags=SA_RESTART|SA_SIGINFO
SIGTERM: [libjvm.so+0x90dde0], sa_mask[0]=11111111011111111101111111111110, sa_flags=SA_RESTART|SA_SIGINFO
SIGQUIT: [libjvm.so+0x90dde0], sa_mask[0]=11111111011111111101111111111110, sa_flags=SA_RESTART|SA_SIGINFO


---------------  S Y S T E M  ---------------

OS:DISTRIB_ID=Ubuntu
DISTRIB_RELEASE=14.04
DISTRIB_CODENAME=trusty
DISTRIB_DESCRIPTION="Ubuntu 14.04.3 LTS"

uname:Linux 3.16.0-55-generic #74~14.04.1-Ubuntu SMP Tue Nov 17 10:15:59 UTC 2015 x86_64
libc:glibc 2.19 NPTL 2.19 
rlimit: STACK 8192k, CORE 0k, NPROC 15416, NOFILE 4096, AS infinity
load average:2.01 1.16 0.90

/proc/meminfo:
MemTotal:        3977620 kB
MemFree:          286936 kB
MemAvailable:     413708 kB
Buffers:            5992 kB
Cached:           285664 kB
SwapCached:        79936 kB
Active:          2415916 kB
Inactive:         981760 kB
Active(anon):    2268652 kB
Inactive(anon):   864200 kB
Active(file):     147264 kB
Inactive(file):   117560 kB
Unevictable:          48 kB
Mlocked:              48 kB
SwapTotal:       4124668 kB
SwapFree:        2851400 kB
Dirty:             15332 kB
Writeback:             0 kB
AnonPages:       3046604 kB
Mapped:           209652 kB
Shmem:             26492 kB
Slab:             106760 kB
SReclaimable:      61768 kB
SUnreclaim:        44992 kB
KernelStack:       15264 kB
PageTables:        57780 kB
NFS_Unstable:          0 kB
Bounce:                0 kB
WritebackTmp:          0 kB
CommitLimit:     6113476 kB
Committed_AS:   10928796 kB
VmallocTotal:   34359738367 kB
VmallocUsed:      313960 kB
VmallocChunk:   34359406588 kB
HardwareCorrupted:     0 kB
AnonHugePages:   1185792 kB
HugePages_Total:       0
HugePages_Free:        0
HugePages_Rsvd:        0
HugePages_Surp:        0
Hugepagesize:       2048 kB
DirectMap4k:      257952 kB
DirectMap2M:     3866624 kB


CPU:total 8 (4 cores per cpu, 2 threads per core) family 6 model 30 stepping 5, cmov, cx8, fxsr, mmx, sse, sse2, sse3, ssse3, sse4.1, sse4.2, popcnt, ht, tsc, tscinvbit

/proc/cpuinfo:
processor	: 0
vendor_id	: GenuineIntel
cpu family	: 6
model		: 30
model name	: Intel(R) Core(TM) i7 CPU       Q 720  @ 1.60GHz
stepping	: 5
microcode	: 0x3
cpu MHz		: 1600.000
cache size	: 6144 KB
physical id	: 0
siblings	: 8
core id		: 0
cpu cores	: 4
apicid		: 0
initial apicid	: 0
fpu		: yes
fpu_exception	: yes
cpuid level	: 11
wp		: yes
flags		: fpu vme de pse tsc msr pae mce cx8 apic sep mtrr pge mca cmov pat pse36 clflush dts acpi mmx fxsr sse sse2 ss ht tm pbe syscall nx rdtscp lm constant_tsc arch_perfmon pebs bts rep_good nopl xtopology nonstop_tsc aperfmperf pni dtes64 monitor ds_cpl vmx smx est tm2 ssse3 cx16 xtpr pdcm sse4_1 sse4_2 popcnt lahf_lm ida dtherm tpr_shadow vnmi flexpriority ept vpid
bogomips	: 3191.97
clflush size	: 64
cache_alignment	: 64
address sizes	: 36 bits physical, 48 bits virtual
power management:

processor	: 1
vendor_id	: GenuineIntel
cpu family	: 6
model		: 30
model name	: Intel(R) Core(TM) i7 CPU       Q 720  @ 1.60GHz
stepping	: 5
microcode	: 0x3
cpu MHz		: 1600.000
cache size	: 6144 KB
physical id	: 0
siblings	: 8
core id		: 0
cpu cores	: 4
apicid		: 1
initial apicid	: 1
fpu		: yes
fpu_exception	: yes
cpuid level	: 11
wp		: yes
flags		: fpu vme de pse tsc msr pae mce cx8 apic sep mtrr pge mca cmov pat pse36 clflush dts acpi mmx fxsr sse sse2 ss ht tm pbe syscall nx rdtscp lm constant_tsc arch_perfmon pebs bts rep_good nopl xtopology nonstop_tsc aperfmperf pni dtes64 monitor ds_cpl vmx smx est tm2 ssse3 cx16 xtpr pdcm sse4_1 sse4_2 popcnt lahf_lm ida dtherm tpr_shadow vnmi flexpriority ept vpid
bogomips	: 3191.97
clflush size	: 64
cache_alignment	: 64
address sizes	: 36 bits physical, 48 bits virtual
power management:

processor	: 2
vendor_id	: GenuineIntel
cpu family	: 6
model		: 30
model name	: Intel(R) Core(TM) i7 CPU       Q 720  @ 1.60GHz
stepping	: 5
microcode	: 0x3
cpu MHz		: 933.000
cache size	: 6144 KB
physical id	: 0
siblings	: 8
core id		: 1
cpu cores	: 4
apicid		: 2
initial apicid	: 2
fpu		: yes
fpu_exception	: yes
cpuid level	: 11
wp		: yes
flags		: fpu vme de pse tsc msr pae mce cx8 apic sep mtrr pge mca cmov pat pse36 clflush dts acpi mmx fxsr sse sse2 ss ht tm pbe syscall nx rdtscp lm constant_tsc arch_perfmon pebs bts rep_good nopl xtopology nonstop_tsc aperfmperf pni dtes64 monitor ds_cpl vmx smx est tm2 ssse3 cx16 xtpr pdcm sse4_1 sse4_2 popcnt lahf_lm ida dtherm tpr_shadow vnmi flexpriority ept vpid
bogomips	: 3191.97
clflush size	: 64
cache_alignment	: 64
address sizes	: 36 bits physical, 48 bits virtual
power management:

processor	: 3
vendor_id	: GenuineIntel
cpu family	: 6
model		: 30
model name	: Intel(R) Core(TM) i7 CPU       Q 720  @ 1.60GHz
stepping	: 5
microcode	: 0x3
cpu MHz		: 1600.000
cache size	: 6144 KB
physical id	: 0
siblings	: 8
core id		: 1
cpu cores	: 4
apicid		: 3
initial apicid	: 3
fpu		: yes
fpu_exception	: yes
cpuid level	: 11
wp		: yes
flags		: fpu vme de pse tsc msr pae mce cx8 apic sep mtrr pge mca cmov pat pse36 clflush dts acpi mmx fxsr sse sse2 ss ht tm pbe syscall nx rdtscp lm constant_tsc arch_perfmon pebs bts rep_good nopl xtopology nonstop_tsc aperfmperf pni dtes64 monitor ds_cpl vmx smx est tm2 ssse3 cx16 xtpr pdcm sse4_1 sse4_2 popcnt lahf_lm ida dtherm tpr_shadow vnmi flexpriority ept vpid
bogomips	: 3191.97
clflush size	: 64
cache_alignment	: 64
address sizes	: 36 bits physical, 48 bits virtual
power management:

processor	: 4
vendor_id	: GenuineIntel
cpu family	: 6
model		: 30
model name	: Intel(R) Core(TM) i7 CPU       Q 720  @ 1.60GHz
stepping	: 5
microcode	: 0x3
cpu MHz		: 1600.000
cache size	: 6144 KB
physical id	: 0
siblings	: 8
core id		: 2
cpu cores	: 4
apicid		: 4
initial apicid	: 4
fpu		: yes
fpu_exception	: yes
cpuid level	: 11
wp		: yes
flags		: fpu vme de pse tsc msr pae mce cx8 apic sep mtrr pge mca cmov pat pse36 clflush dts acpi mmx fxsr sse sse2 ss ht tm pbe syscall nx rdtscp lm constant_tsc arch_perfmon pebs bts rep_good nopl xtopology nonstop_tsc aperfmperf pni dtes64 monitor ds_cpl vmx smx est tm2 ssse3 cx16 xtpr pdcm sse4_1 sse4_2 popcnt lahf_lm ida dtherm tpr_shadow vnmi flexpriority ept vpid
bogomips	: 3191.97
clflush size	: 64
cache_alignment	: 64
address sizes	: 36 bits physical, 48 bits virtual
power management:

processor	: 5
vendor_id	: GenuineIntel
cpu family	: 6
model		: 30
model name	: Intel(R) Core(TM) i7 CPU       Q 720  @ 1.60GHz
stepping	: 5
microcode	: 0x3
cpu MHz		: 1600.000
cache size	: 6144 KB
physical id	: 0
siblings	: 8
core id		: 2
cpu cores	: 4
apicid		: 5
initial apicid	: 5
fpu		: yes
fpu_exception	: yes
cpuid level	: 11
wp		: yes
flags		: fpu vme de pse tsc msr pae mce cx8 apic sep mtrr pge mca cmov pat pse36 clflush dts acpi mmx fxsr sse sse2 ss ht tm pbe syscall nx rdtscp lm constant_tsc arch_perfmon pebs bts rep_good nopl xtopology nonstop_tsc aperfmperf pni dtes64 monitor ds_cpl vmx smx est tm2 ssse3 cx16 xtpr pdcm sse4_1 sse4_2 popcnt lahf_lm ida dtherm tpr_shadow vnmi flexpriority ept vpid
bogomips	: 3191.97
clflush size	: 64
cache_alignment	: 64
address sizes	: 36 bits physical, 48 bits virtual
power management:

processor	: 6
vendor_id	: GenuineIntel
cpu family	: 6
model		: 30
model name	: Intel(R) Core(TM) i7 CPU       Q 720  @ 1.60GHz
stepping	: 5
microcode	: 0x3
cpu MHz		: 933.000
cache size	: 6144 KB
physical id	: 0
siblings	: 8
core id		: 3
cpu cores	: 4
apicid		: 6
initial apicid	: 6
fpu		: yes
fpu_exception	: yes
cpuid level	: 11
wp		: yes
flags		: fpu vme de pse tsc msr pae mce cx8 apic sep mtrr pge mca cmov pat pse36 clflush dts acpi mmx fxsr sse sse2 ss ht tm pbe syscall nx rdtscp lm constant_tsc arch_perfmon pebs bts rep_good nopl xtopology nonstop_tsc aperfmperf pni dtes64 monitor ds_cpl vmx smx est tm2 ssse3 cx16 xtpr pdcm sse4_1 sse4_2 popcnt lahf_lm ida dtherm tpr_shadow vnmi flexpriority ept vpid
bogomips	: 3191.97
clflush size	: 64
cache_alignment	: 64
address sizes	: 36 bits physical, 48 bits virtual
power management:

processor	: 7
vendor_id	: GenuineIntel
cpu family	: 6
model		: 30
model name	: Intel(R) Core(TM) i7 CPU       Q 720  @ 1.60GHz
stepping	: 5
microcode	: 0x3
cpu MHz		: 1600.000
cache size	: 6144 KB
physical id	: 0
siblings	: 8
core id		: 3
cpu cores	: 4
apicid		: 7
initial apicid	: 7
fpu		: yes
fpu_exception	: yes
cpuid level	: 11
wp		: yes
flags		: fpu vme de pse tsc msr pae mce cx8 apic sep mtrr pge mca cmov pat pse36 clflush dts acpi mmx fxsr sse sse2 ss ht tm pbe syscall nx rdtscp lm constant_tsc arch_perfmon pebs bts rep_good nopl xtopology nonstop_tsc aperfmperf pni dtes64 monitor ds_cpl vmx smx est tm2 ssse3 cx16 xtpr pdcm sse4_1 sse4_2 popcnt lahf_lm ida dtherm tpr_shadow vnmi flexpriority ept vpid
bogomips	: 3191.97
clflush size	: 64
cache_alignment	: 64
address sizes	: 36 bits physical, 48 bits virtual
power management:



Memory: 4k page, physical 3977620k(286688k free), swap 4124668k(2851400k free)

vm_info: Java HotSpot(TM) 64-Bit Server VM (25.45-b02) for linux-amd64 JRE (1.8.0_45-b14), built on Apr 10 2015 10:07:45 by "java_re" with gcc 4.3.0 20080428 (Red Hat 4.3.0-8)

time: Fri Jan 29 21:59:17 2016
elapsed time: 1 seconds (0d 0h 0m 1s)

