#
# A fatal error has been detected by the Java Runtime Environment:
#
#  SIGSEGV (0xb) at pc=0x00007fae35e8c268, pid=10801, tid=140388026570496
#
# JRE version: Java(TM) SE Runtime Environment (8.0_45-b14) (build 1.8.0_45-b14)
# Java VM: Java HotSpot(TM) 64-Bit Server VM (25.45-b02 mixed mode linux-amd64 compressed oops)
# Problematic frame:
# C  [libnvidia-glcore.so.304.131+0x11c2268]
#
# Failed to write core dump. Core dumps have been disabled. To enable core dumping, try "ulimit -c unlimited" before starting Java again
#
# If you would like to submit a bug report, please visit:
#   http://bugreport.java.com/bugreport/crash.jsp
# The crash happened outside the Java Virtual Machine in native code.
# See problematic frame for where to report the bug.
#

---------------  T H R E A D  ---------------

Current thread (0x00007fae9c00a800):  JavaThread "main" [_thread_in_native, id=10802, stack(0x00007faea2645000,0x00007faea2746000)]

siginfo: si_signo: 11 (SIGSEGV), si_code: 1 (SEGV_MAPERR), si_addr: 0x0000000000000000

Registers:
RAX=0x0000000000000000, RBX=0x00007fae894d48d8, RCX=0x0000000041b77bd8, RDX=0x00007fae9c47c340
RSP=0x00007faea2743d18, RBP=0x00007faea2743d80, RSI=0x0000000000000000, RDI=0x0000000041b01000
R8 =0x0000000000000000, R9 =0x0000000000000009, R10=0x00007fae8c7c6768, R11=0x00007fae35e8c230
R12=0x0000000000000000, R13=0x00007fae894d48d8, R14=0x00007faea2743db8, R15=0x00007fae9c00a800
RIP=0x00007fae35e8c268, EFLAGS=0x0000000000010202, CSGSFS=0x0000000000000033, ERR=0x0000000000000004
  TRAPNO=0x000000000000000e

Top of Stack: (sp=0x00007faea2743d18)
0x00007faea2743d18:   00007fae8c7c6794 00007faea2743d80
0x00007faea2743d28:   00007fae8c7c6519 00007fae9c00a800
0x00007faea2743d38:   00007fae8c7c64e2 00007faea2743d40
0x00007faea2743d48:   00007fae894d48d8 00007faea2743db8
0x00007faea2743d58:   00007fae894d7a88 0000000000000000
0x00007faea2743d68:   00007fae894d48d8 0000000000000000
0x00007faea2743d78:   00007faea2743da0 00007faea2743e00
0x00007faea2743d88:   00007fae8c7bac4d 00000000ebf560b0
0x00007faea2743d98:   00007fae8c7c2578 0000000000000000
0x00007faea2743da8:   00007fae8c7ba760 00007fae375af8e0
0x00007faea2743db8:   0000000000000001 00007faea2743dc0
0x00007faea2743dc8:   00007fae895364bc 00007faea2743e28
0x00007faea2743dd8:   00007fae8954e028 0000000000000000
0x00007faea2743de8:   00007fae895364e8 00007faea2743da0
0x00007faea2743df8:   00007faea2743e20 00007faea2743e70
0x00007faea2743e08:   00007fae8c7bac4d 00007fae375af8e0
0x00007faea2743e18:   0000000000000000 0000000000000000
0x00007faea2743e28:   00000000ec9ac158 00007faea2743e30
0x00007faea2743e38:   00007fae89536668 00007faea2743e80
0x00007faea2743e48:   00007fae8954e028 0000000000000000
0x00007faea2743e58:   00007fae89536688 00007faea2743e20
0x00007faea2743e68:   00007faea2743e80 00007faea2743ec8
0x00007faea2743e78:   00007fae8c7bac4d 00000000ec9ac158
0x00007faea2743e88:   00007faea2743e88 00007fae897f61cf
0x00007faea2743e98:   00007faea2743ee0 00007fae897f6348
0x00007faea2743ea8:   0000000000000000 00007fae897f6230
0x00007faea2743eb8:   00007faea2743e80 00007faea2743ee0
0x00007faea2743ec8:   00007faea2743f28 00007fae8c7bac4d
0x00007faea2743ed8:   00000000ec9ac090 00000000ec962e78
0x00007faea2743ee8:   00007faea2743ee8 00007fae897f5394
0x00007faea2743ef8:   00007faea2743f58 00007fae897f5458
0x00007faea2743f08:   0000000000000000 00007fae897f53e8 

Instructions: (pc=0x00007fae35e8c268)
0x00007fae35e8c248:   01 00 00 00 8b 81 7c 01 00 00 48 89 c2 48 c1 e0
0x00007fae35e8c258:   07 48 c1 e2 04 48 01 c2 48 03 51 18 48 89 51 28
0x00007fae35e8c268:   48 8b 06 48 89 02 48 8b 46 08 48 89 42 08 48 8b
0x00007fae35e8c278:   46 10 48 89 42 10 48 8b 46 18 48 89 42 18 48 8b 

Register to memory mapping:

RAX=0x0000000000000000 is an unknown value
RBX={method} {0x00007fae894d48d8} 'callPV' '(JJ)V' in 'org/lwjgl/system/JNI'
RCX=0x0000000041b77bd8 is an unknown value
RDX=0x00007fae9c47c340 is an unknown value
RSP=0x00007faea2743d18 is pointing into the stack for thread: 0x00007fae9c00a800
RBP=0x00007faea2743d80 is pointing into the stack for thread: 0x00007fae9c00a800
RSI=0x0000000000000000 is an unknown value
RDI=0x0000000041b01000 is an unknown value
R8 =0x0000000000000000 is an unknown value
R9 =0x0000000000000009 is an unknown value
R10=0x00007fae8c7c6768 is at code_begin+808 in an Interpreter codelet
method entry point (kind = native)  [0x00007fae8c7c6440, 0x00007fae8c7c6d40]  2304 bytes
R11=0x00007fae35e8c230: <offset 0x11c2230> in /usr/lib/nvidia-304-updates/libnvidia-glcore.so.304.131 at 0x00007fae34cca000
R12=0x0000000000000000 is an unknown value
R13={method} {0x00007fae894d48d8} 'callPV' '(JJ)V' in 'org/lwjgl/system/JNI'
R14=0x00007faea2743db8 is pointing into the stack for thread: 0x00007fae9c00a800
R15=0x00007fae9c00a800 is a thread


Stack: [0x00007faea2645000,0x00007faea2746000],  sp=0x00007faea2743d18,  free space=1019k
Native frames: (J=compiled Java code, j=interpreted, Vv=VM code, C=native code)
C  [libnvidia-glcore.so.304.131+0x11c2268]
j  org.lwjgl.opengl.GL11.nglLoadMatrixf(J)V+20
j  org.lwjgl.opengl.GL11.glLoadMatrixf(Ljava/nio/FloatBuffer;)V+16
j  com.lunagameserve.Camera.setMatrices()V+47
j  com.lunagameserve.DungeonScreen.render()V+4
j  com.lunagameserve.Engine.start(JLcom/lunagameserve/Screen;)V+60
j  com.lunagameserve.drivers.LwjglDriver.loop()V+31
j  com.lunagameserve.drivers.LwjglDriver.run()V+37
j  com.lunagameserve.drivers.LwjglDriver.main([Ljava/lang/String;)V+7
v  ~StubRoutines::call_stub
V  [libjvm.so+0x681a26]  JavaCalls::call_helper(JavaValue*, methodHandle*, JavaCallArguments*, Thread*)+0x1056
V  [libjvm.so+0x984f17]  Reflection::invoke(instanceKlassHandle, methodHandle, Handle, bool, objArrayHandle, BasicType, objArrayHandle, bool, Thread*)+0x5d7
V  [libjvm.so+0x9885e7]  Reflection::invoke_method(oopDesc*, Handle, objArrayHandle, Thread*)+0x147
V  [libjvm.so+0x70f5ab]  JVM_InvokeMethod+0x26b
j  sun.reflect.NativeMethodAccessorImpl.invoke0(Ljava/lang/reflect/Method;Ljava/lang/Object;[Ljava/lang/Object;)Ljava/lang/Object;+0
j  sun.reflect.NativeMethodAccessorImpl.invoke(Ljava/lang/Object;[Ljava/lang/Object;)Ljava/lang/Object;+100
j  sun.reflect.DelegatingMethodAccessorImpl.invoke(Ljava/lang/Object;[Ljava/lang/Object;)Ljava/lang/Object;+6
j  java.lang.reflect.Method.invoke(Ljava/lang/Object;[Ljava/lang/Object;)Ljava/lang/Object;+56
j  com.intellij.rt.execution.application.AppMain.main([Ljava/lang/String;)V+157
v  ~StubRoutines::call_stub
V  [libjvm.so+0x681a26]  JavaCalls::call_helper(JavaValue*, methodHandle*, JavaCallArguments*, Thread*)+0x1056
V  [libjvm.so+0x6c3692]  jni_invoke_static(JNIEnv_*, JavaValue*, _jobject*, JNICallType, _jmethodID*, JNI_ArgumentPusher*, Thread*)+0x362
V  [libjvm.so+0x6e009a]  jni_CallStaticVoidMethod+0x17a
C  [libjli.so+0x7bcc]  JavaMain+0x80c
C  [libpthread.so.0+0x8182]  start_thread+0xc2

Java frames: (J=compiled Java code, j=interpreted, Vv=VM code)
j  org.lwjgl.system.JNI.callPV(JJ)V+0
j  org.lwjgl.opengl.GL11.nglLoadMatrixf(J)V+20
j  org.lwjgl.opengl.GL11.glLoadMatrixf(Ljava/nio/FloatBuffer;)V+16
j  com.lunagameserve.Camera.setMatrices()V+47
j  com.lunagameserve.DungeonScreen.render()V+4
j  com.lunagameserve.Engine.start(JLcom/lunagameserve/Screen;)V+60
j  com.lunagameserve.drivers.LwjglDriver.loop()V+31
j  com.lunagameserve.drivers.LwjglDriver.run()V+37
j  com.lunagameserve.drivers.LwjglDriver.main([Ljava/lang/String;)V+7
v  ~StubRoutines::call_stub
j  sun.reflect.NativeMethodAccessorImpl.invoke0(Ljava/lang/reflect/Method;Ljava/lang/Object;[Ljava/lang/Object;)Ljava/lang/Object;+0
j  sun.reflect.NativeMethodAccessorImpl.invoke(Ljava/lang/Object;[Ljava/lang/Object;)Ljava/lang/Object;+100
j  sun.reflect.DelegatingMethodAccessorImpl.invoke(Ljava/lang/Object;[Ljava/lang/Object;)Ljava/lang/Object;+6
j  java.lang.reflect.Method.invoke(Ljava/lang/Object;[Ljava/lang/Object;)Ljava/lang/Object;+56
j  com.intellij.rt.execution.application.AppMain.main([Ljava/lang/String;)V+157
v  ~StubRoutines::call_stub

---------------  P R O C E S S  ---------------

Java Threads: ( => current thread )
  0x00007fae9c147800 JavaThread "Monitor Ctrl-Break" daemon [_thread_in_native, id=10834, stack(0x00007fae69db5000,0x00007fae69eb6000)]
  0x00007fae9c0d2800 JavaThread "Service Thread" daemon [_thread_blocked, id=10829, stack(0x00007fae6a207000,0x00007fae6a308000)]
  0x00007fae9c0c5800 JavaThread "C1 CompilerThread3" daemon [_thread_blocked, id=10828, stack(0x00007fae6a308000,0x00007fae6a409000)]
  0x00007fae9c0c3800 JavaThread "C2 CompilerThread2" daemon [_thread_blocked, id=10827, stack(0x00007fae6a409000,0x00007fae6a50a000)]
  0x00007fae9c0c1800 JavaThread "C2 CompilerThread1" daemon [_thread_blocked, id=10826, stack(0x00007fae6a50a000,0x00007fae6a60b000)]
  0x00007fae9c0be800 JavaThread "C2 CompilerThread0" daemon [_thread_blocked, id=10825, stack(0x00007fae6a60b000,0x00007fae6a70c000)]
  0x00007fae9c0bd000 JavaThread "Signal Dispatcher" daemon [_thread_blocked, id=10824, stack(0x00007fae6a70c000,0x00007fae6a80d000)]
  0x00007fae9c087800 JavaThread "Finalizer" daemon [_thread_blocked, id=10813, stack(0x00007fae6aeef000,0x00007fae6aff0000)]
  0x00007fae9c085800 JavaThread "Reference Handler" daemon [_thread_blocked, id=10812, stack(0x00007fae6aff0000,0x00007fae6b0f1000)]
=>0x00007fae9c00a800 JavaThread "main" [_thread_in_native, id=10802, stack(0x00007faea2645000,0x00007faea2746000)]

Other Threads:
  0x00007fae9c080000 VMThread [stack: 0x00007fae6b0f1000,0x00007fae6b1f2000] [id=10811]
  0x00007fae9c0d5000 WatcherThread [stack: 0x00007fae6a106000,0x00007fae6a207000] [id=10830]

VM state:not at safepoint (normal execution)

VM Mutex/Monitor currently owned by a thread: None

Heap:
 PSYoungGen      total 18432K, used 14123K [0x00000000ebc00000, 0x00000000ed080000, 0x0000000100000000)
  eden space 15872K, 88% used [0x00000000ebc00000,0x00000000ec9cadb8,0x00000000ecb80000)
  from space 2560K, 0% used [0x00000000ece00000,0x00000000ece00000,0x00000000ed080000)
  to   space 2560K, 0% used [0x00000000ecb80000,0x00000000ecb80000,0x00000000ece00000)
 ParOldGen       total 42496K, used 0K [0x00000000c3400000, 0x00000000c5d80000, 0x00000000ebc00000)
  object space 42496K, 0% used [0x00000000c3400000,0x00000000c3400000,0x00000000c5d80000)
 Metaspace       used 7570K, capacity 8410K, committed 8576K, reserved 1056768K
  class space    used 568K, capacity 586K, committed 640K, reserved 1048576K

Card table byte_map: [0x00007fae8c20c000,0x00007fae8c3f3000] byte_map_base: 0x00007fae8bbf2000

Marking Bits: (ParMarkBitMap*) 0x00007faea1b23760
 Begin Bits: [0x00007fae89a60000, 0x00007fae8a990000)
 End Bits:   [0x00007fae8a990000, 0x00007fae8b8c0000)

Polling page: 0x00007faea276a000

CodeCache: size=245760Kb used=2125Kb max_used=2125Kb free=243634Kb
 bounds [0x00007fae8c7b3000, 0x00007fae8ca23000, 0x00007fae9b7b3000]
 total_blobs=1041 nmethods=365 adapters=591
 compilation: enabled

Compilation events (10 events):
Event: 1.018 Thread 0x00007fae9c0c3800  361       4       java.util.concurrent.ConcurrentHashMap::casTabAt (20 bytes)
Event: 1.018 Thread 0x00007fae9c0be800 nmethod 360 0x00007fae8c9be390 code [0x00007fae8c9be4c0, 0x00007fae8c9be518]
Event: 1.019 Thread 0x00007fae9c0c3800 nmethod 361 0x00007fae8c9bcc90 code [0x00007fae8c9bcdc0, 0x00007fae8c9bce38]
Event: 1.022 Thread 0x00007fae9c0c5800  362       3       java.net.URLClassLoader::defineClass (142 bytes)
Event: 1.023 Thread 0x00007fae9c0c1800 nmethod 359 0x00007fae8c9bd710 code [0x00007fae8c9bd880, 0x00007fae8c9bdc78]
Event: 1.025 Thread 0x00007fae9c0c5800 nmethod 362 0x00007fae8c9c1810 code [0x00007fae8c9c1b80, 0x00007fae8c9c3e38]
Event: 1.025 Thread 0x00007fae9c0c5800  364       3       java.util.jar.JarFile::getManifestFromReference (113 bytes)
Event: 1.027 Thread 0x00007fae9c0c5800 nmethod 364 0x00007fae8c9bf110 code [0x00007fae8c9bf440, 0x00007fae8c9c0a78]
Event: 1.027 Thread 0x00007fae9c0c5800  363       3       java.util.jar.JarFile::getManifest (5 bytes)
Event: 1.027 Thread 0x00007fae9c0c5800 nmethod 363 0x00007fae8c9bd090 code [0x00007fae8c9bd200, 0x00007fae8c9bd388]

GC Heap History (0 events):
No events

Deoptimization events (1 events):
Event: 0.680 Thread 0x00007fae9c00a800 Uncommon trap: reason=unstable_if action=reinterpret pc=0x00007fae8c8efbc4 method=java.lang.String.indexOf(II)I @ 49

Internal exceptions (6 events):
Event: 0.071 Thread 0x00007fae9c00a800 Exception <a 'java/lang/NoSuchMethodError': Method sun.misc.Unsafe.defineClass(Ljava/lang/String;[BII)Ljava/lang/Class; name or signature does not match> (0x00000000ebc12708) thrown at [/RE-WORK/workspace/8-2-build-linux-amd64/jdk8u45/3457/hotspot/src/sha
Event: 0.071 Thread 0x00007fae9c00a800 Exception <a 'java/lang/NoSuchMethodError': Method sun.misc.Unsafe.prefetchRead(Ljava/lang/Object;J)V name or signature does not match> (0x00000000ebc12998) thrown at [/RE-WORK/workspace/8-2-build-linux-amd64/jdk8u45/3457/hotspot/src/share/vm/prims/jni.cp
Event: 0.179 Thread 0x00007fae9c00a800 Exception <a 'java/security/PrivilegedActionException'> (0x00000000ebdf7cc0) thrown at [/RE-WORK/workspace/8-2-build-linux-amd64/jdk8u45/3457/hotspot/src/share/vm/prims/jvm.cpp, line 1382]
Event: 0.179 Thread 0x00007fae9c00a800 Exception <a 'java/security/PrivilegedActionException'> (0x00000000ebdf7e78) thrown at [/RE-WORK/workspace/8-2-build-linux-amd64/jdk8u45/3457/hotspot/src/share/vm/prims/jvm.cpp, line 1382]
Event: 0.180 Thread 0x00007fae9c00a800 Exception <a 'java/security/PrivilegedActionException'> (0x00000000ebdfa008) thrown at [/RE-WORK/workspace/8-2-build-linux-amd64/jdk8u45/3457/hotspot/src/share/vm/prims/jvm.cpp, line 1382]
Event: 0.180 Thread 0x00007fae9c00a800 Exception <a 'java/security/PrivilegedActionException'> (0x00000000ebdfa1c0) thrown at [/RE-WORK/workspace/8-2-build-linux-amd64/jdk8u45/3457/hotspot/src/share/vm/prims/jvm.cpp, line 1382]

Events (10 events):
Event: 1.031 loading class java/text/DecimalFormat
Event: 1.031 loading class java/text/DecimalFormat done
Event: 1.042 loading class com/lunagameserve/UpdatePacket
Event: 1.042 loading class com/lunagameserve/UpdatePacket done
Event: 1.043 loading class com/lunagameserve/UpdateResult
Event: 1.043 loading class com/lunagameserve/UpdateResult done
Event: 1.043 loading class org/joml/Matrix4f
Event: 1.043 loading class org/joml/Matrix4f done
Event: 1.056 loading class java/nio/HeapFloatBuffer
Event: 1.056 loading class java/nio/HeapFloatBuffer done


Dynamic libraries:
00400000-00401000 r-xp 00000000 fc:01 7348231                            /lib/java/jdk1.8.0_45/bin/java
00600000-00601000 rw-p 00000000 fc:01 7348231                            /lib/java/jdk1.8.0_45/bin/java
0126c000-0128d000 rw-p 00000000 00:00 0                                  [heap]
407f5000-407f7000 r-xs 00000000 fc:01 4719461                            /tmp/glmw7Uz8 (deleted)
41b01000-41b7f000 rw-p 00000000 00:00 0 
c3400000-c5d80000 rw-p 00000000 00:00 0 
c5d80000-ebc00000 ---p 00000000 00:00 0 
ebc00000-ed080000 rw-p 00000000 00:00 0 
ed080000-100000000 ---p 00000000 00:00 0 
100000000-1000a0000 rw-p 00000000 00:00 0 
1000a0000-140000000 ---p 00000000 00:00 0 
7fae348ca000-7fae34cca000 rw-s 1b709000 00:05 10046                      /dev/nvidia0
7fae34cca000-7fae3669a000 r-xp 00000000 fc:01 6296918                    /usr/lib/nvidia-304-updates/libnvidia-glcore.so.304.131
7fae3669a000-7fae36899000 ---p 019d0000 fc:01 6296918                    /usr/lib/nvidia-304-updates/libnvidia-glcore.so.304.131
7fae36899000-7fae3709a000 rwxp 019cf000 fc:01 6296918                    /usr/lib/nvidia-304-updates/libnvidia-glcore.so.304.131
7fae3709a000-7fae370b4000 rwxp 00000000 00:00 0 
7fae370b4000-7fae370b7000 r-xp 00000000 fc:01 6436763                    /usr/lib/nvidia-304-updates/tls/libnvidia-tls.so.304.131
7fae370b7000-7fae372b6000 ---p 00003000 fc:01 6436763                    /usr/lib/nvidia-304-updates/tls/libnvidia-tls.so.304.131
7fae372b6000-7fae372b7000 rw-p 00002000 fc:01 6436763                    /usr/lib/nvidia-304-updates/tls/libnvidia-tls.so.304.131
7fae372b7000-7fae37381000 r-xp 00000000 fc:01 6296929                    /usr/lib/nvidia-304-updates/libGL.so.304.131
7fae37381000-7fae37581000 ---p 000ca000 fc:01 6296929                    /usr/lib/nvidia-304-updates/libGL.so.304.131
7fae37581000-7fae375be000 rwxp 000ca000 fc:01 6296929                    /usr/lib/nvidia-304-updates/libGL.so.304.131
7fae375be000-7fae375d4000 rwxp 00000000 00:00 0 
7fae375d4000-7fae375d9000 r-xp 00000000 fc:01 6037491                    /usr/lib/x86_64-linux-gnu/libXdmcp.so.6.0.0
7fae375d9000-7fae377d8000 ---p 00005000 fc:01 6037491                    /usr/lib/x86_64-linux-gnu/libXdmcp.so.6.0.0
7fae377d8000-7fae377d9000 r--p 00004000 fc:01 6037491                    /usr/lib/x86_64-linux-gnu/libXdmcp.so.6.0.0
7fae377d9000-7fae377da000 rw-p 00005000 fc:01 6037491                    /usr/lib/x86_64-linux-gnu/libXdmcp.so.6.0.0
7fae377da000-7fae377dc000 r-xp 00000000 fc:01 6037480                    /usr/lib/x86_64-linux-gnu/libXau.so.6.0.0
7fae377dc000-7fae379dc000 ---p 00002000 fc:01 6037480                    /usr/lib/x86_64-linux-gnu/libXau.so.6.0.0
7fae379dc000-7fae379dd000 r--p 00002000 fc:01 6037480                    /usr/lib/x86_64-linux-gnu/libXau.so.6.0.0
7fae379dd000-7fae379de000 rw-p 00003000 fc:01 6037480                    /usr/lib/x86_64-linux-gnu/libXau.so.6.0.0
7fae379de000-7fae379e3000 r-xp 00000000 fc:01 6029792                    /usr/lib/x86_64-linux-gnu/libXfixes.so.3.1.0
7fae379e3000-7fae37be2000 ---p 00005000 fc:01 6029792                    /usr/lib/x86_64-linux-gnu/libXfixes.so.3.1.0
7fae37be2000-7fae37be3000 r--p 00004000 fc:01 6029792                    /usr/lib/x86_64-linux-gnu/libXfixes.so.3.1.0
7fae37be3000-7fae37be4000 rw-p 00005000 fc:01 6029792                    /usr/lib/x86_64-linux-gnu/libXfixes.so.3.1.0
7fae37be4000-7fae37bed000 r-xp 00000000 fc:01 6033047                    /usr/lib/x86_64-linux-gnu/libXrender.so.1.3.0
7fae37bed000-7fae37dec000 ---p 00009000 fc:01 6033047                    /usr/lib/x86_64-linux-gnu/libXrender.so.1.3.0
7fae37dec000-7fae37ded000 r--p 00008000 fc:01 6033047                    /usr/lib/x86_64-linux-gnu/libXrender.so.1.3.0
7fae37ded000-7fae37dee000 rw-p 00009000 fc:01 6033047                    /usr/lib/x86_64-linux-gnu/libXrender.so.1.3.0
7fae37dee000-7fae37dff000 r-xp 00000000 fc:01 6030520                    /usr/lib/x86_64-linux-gnu/libXext.so.6.4.0
7fae37dff000-7fae37ffe000 ---p 00011000 fc:01 6030520                    /usr/lib/x86_64-linux-gnu/libXext.so.6.4.0
7fae37ffe000-7fae37fff000 r--p 00010000 fc:01 6030520                    /usr/lib/x86_64-linux-gnu/libXext.so.6.4.0
7fae37fff000-7fae38000000 rw-p 00011000 fc:01 6030520                    /usr/lib/x86_64-linux-gnu/libXext.so.6.4.0
7fae38000000-7fae38021000 rw-p 00000000 00:00 0 
7fae38021000-7fae3c000000 ---p 00000000 00:00 0 
7fae3c000000-7fae3c021000 rw-p 00000000 00:00 0 
7fae3c021000-7fae40000000 ---p 00000000 00:00 0 
7fae40000000-7fae401a5000 rw-p 00000000 00:00 0 
7fae401a5000-7fae44000000 ---p 00000000 00:00 0 
7fae44000000-7fae44021000 rw-p 00000000 00:00 0 
7fae44021000-7fae48000000 ---p 00000000 00:00 0 
7fae48000000-7fae480f9000 rw-p 00000000 00:00 0 
7fae480f9000-7fae4c000000 ---p 00000000 00:00 0 
7fae4c000000-7fae4c0ee000 rw-p 00000000 00:00 0 
7fae4c0ee000-7fae50000000 ---p 00000000 00:00 0 
7fae50000000-7fae50021000 rw-p 00000000 00:00 0 
7fae50021000-7fae54000000 ---p 00000000 00:00 0 
7fae54000000-7fae541c9000 rw-p 00000000 00:00 0 
7fae541c9000-7fae58000000 ---p 00000000 00:00 0 
7fae58000000-7fae58021000 rw-p 00000000 00:00 0 
7fae58021000-7fae5c000000 ---p 00000000 00:00 0 
7fae5c000000-7fae5c021000 rw-p 00000000 00:00 0 
7fae5c021000-7fae60000000 ---p 00000000 00:00 0 
7fae60000000-7fae60021000 rw-p 00000000 00:00 0 
7fae60021000-7fae64000000 ---p 00000000 00:00 0 
7fae64000000-7fae64021000 rw-p 00000000 00:00 0 
7fae64021000-7fae68000000 ---p 00000000 00:00 0 
7fae68026000-7fae68066000 rw-s 1c226000 00:05 10046                      /dev/nvidia0
7fae68066000-7fae68083000 r-xp 00000000 fc:01 6038548                    /usr/lib/x86_64-linux-gnu/libxcb.so.1.1.0
7fae68083000-7fae68283000 ---p 0001d000 fc:01 6038548                    /usr/lib/x86_64-linux-gnu/libxcb.so.1.1.0
7fae68283000-7fae68284000 r--p 0001d000 fc:01 6038548                    /usr/lib/x86_64-linux-gnu/libxcb.so.1.1.0
7fae68284000-7fae68285000 rw-p 0001e000 fc:01 6038548                    /usr/lib/x86_64-linux-gnu/libxcb.so.1.1.0
7fae68285000-7fae6828e000 r-xp 00000000 fc:01 6037487                    /usr/lib/x86_64-linux-gnu/libXcursor.so.1.0.2
7fae6828e000-7fae6848d000 ---p 00009000 fc:01 6037487                    /usr/lib/x86_64-linux-gnu/libXcursor.so.1.0.2
7fae6848d000-7fae6848e000 r--p 00008000 fc:01 6037487                    /usr/lib/x86_64-linux-gnu/libXcursor.so.1.0.2
7fae6848e000-7fae6848f000 rw-p 00009000 fc:01 6037487                    /usr/lib/x86_64-linux-gnu/libXcursor.so.1.0.2
7fae6848f000-7fae68493000 r-xp 00000000 fc:01 6037531                    /usr/lib/x86_64-linux-gnu/libXxf86vm.so.1.0.0
7fae68493000-7fae68693000 ---p 00004000 fc:01 6037531                    /usr/lib/x86_64-linux-gnu/libXxf86vm.so.1.0.0
7fae68693000-7fae68694000 r--p 00004000 fc:01 6037531                    /usr/lib/x86_64-linux-gnu/libXxf86vm.so.1.0.0
7fae68694000-7fae68695000 rw-p 00005000 fc:01 6037531                    /usr/lib/x86_64-linux-gnu/libXxf86vm.so.1.0.0
7fae68695000-7fae686a4000 r-xp 00000000 fc:01 6033045                    /usr/lib/x86_64-linux-gnu/libXi.so.6.1.0
7fae686a4000-7fae688a3000 ---p 0000f000 fc:01 6033045                    /usr/lib/x86_64-linux-gnu/libXi.so.6.1.0
7fae688a3000-7fae688a4000 r--p 0000e000 fc:01 6033045                    /usr/lib/x86_64-linux-gnu/libXi.so.6.1.0
7fae688a4000-7fae688a5000 rw-p 0000f000 fc:01 6033045                    /usr/lib/x86_64-linux-gnu/libXi.so.6.1.0
7fae688a5000-7fae688a7000 r-xp 00000000 fc:01 6037503                    /usr/lib/x86_64-linux-gnu/libXinerama.so.1.0.0
7fae688a7000-7fae68aa6000 ---p 00002000 fc:01 6037503                    /usr/lib/x86_64-linux-gnu/libXinerama.so.1.0.0
7fae68aa6000-7fae68aa7000 r--p 00001000 fc:01 6037503                    /usr/lib/x86_64-linux-gnu/libXinerama.so.1.0.0
7fae68aa7000-7fae68aa8000 rw-p 00002000 fc:01 6037503                    /usr/lib/x86_64-linux-gnu/libXinerama.so.1.0.0
7fae68aa8000-7fae68ab1000 r-xp 00000000 fc:01 6037513                    /usr/lib/x86_64-linux-gnu/libXrandr.so.2.2.0
7fae68ab1000-7fae68cb0000 ---p 00009000 fc:01 6037513                    /usr/lib/x86_64-linux-gnu/libXrandr.so.2.2.0
7fae68cb0000-7fae68cb1000 r--p 00008000 fc:01 6037513                    /usr/lib/x86_64-linux-gnu/libXrandr.so.2.2.0
7fae68cb1000-7fae68cb2000 rw-p 00009000 fc:01 6037513                    /usr/lib/x86_64-linux-gnu/libXrandr.so.2.2.0
7fae68cb2000-7fae68de2000 r-xp 00000000 fc:01 6037476                    /usr/lib/x86_64-linux-gnu/libX11.so.6.3.0
7fae68de2000-7fae68fe2000 ---p 00130000 fc:01 6037476                    /usr/lib/x86_64-linux-gnu/libX11.so.6.3.0
7fae68fe2000-7fae68fe3000 r--p 00130000 fc:01 6037476                    /usr/lib/x86_64-linux-gnu/libX11.so.6.3.0
7fae68fe3000-7fae68fe7000 rw-p 00131000 fc:01 6037476                    /usr/lib/x86_64-linux-gnu/libX11.so.6.3.0
7fae68fe7000-7fae68feb000 r-xp 00000000 fc:01 7353241                    /lib/java-libraries/lwjgl-300-64/native/libglfw.so
7fae68feb000-7fae68fff000 r-xp 00000000 00:00 0 
7fae68fff000-7fae691fe000 ---p 00018000 fc:01 7353241                    /lib/java-libraries/lwjgl-300-64/native/libglfw.so
7fae691fe000-7fae691ff000 rw-p 0000d000 fc:01 7353241                    /lib/java-libraries/lwjgl-300-64/native/libglfw.so
7fae691ff000-7fae69600000 rw-p 00000000 00:00 0 
7fae6960f000-7fae69615000 rw-p 00000000 00:00 0 
7fae69615000-7fae69617000 rw-s 00000000 fc:01 4719461                    /tmp/glmw7Uz8 (deleted)
7fae69617000-7fae6961b000 rw-s 35c1c000 00:05 10046                      /dev/nvidia0
7fae6961b000-7fae6961c000 rw-s d000b000 00:05 10046                      /dev/nvidia0
7fae6961c000-7fae6961d000 rw-s 5f1e3000 00:05 10046                      /dev/nvidia0
7fae6961d000-7fae69621000 rw-s 29ce6000 00:05 10046                      /dev/nvidia0
7fae69621000-7fae69622000 rw-s ccc14000 00:05 10046                      /dev/nvidia0
7fae69622000-7fae69642000 rw-s 4cb58000 00:05 10046                      /dev/nvidia0
7fae69642000-7fae69643000 rw-s ccc12000 00:05 10046                      /dev/nvidia0
7fae69643000-7fae69683000 rw-s 12561b000 00:05 10046                     /dev/nvidia0
7fae69683000-7fae696a3000 rw-s 10a532000 00:05 10046                     /dev/nvidia0
7fae696a3000-7fae696a4000 rw-s cc641000 00:05 10046                      /dev/nvidia0
7fae696a4000-7fae696a5000 rw-s bc9f8000 00:05 10046                      /dev/nvidia0
7fae696a5000-7fae696a6000 rw-s 1033df000 00:05 10046                     /dev/nvidia0
7fae696a6000-7fae696c1000 rw-s bd511000 00:05 10046                      /dev/nvidia0
7fae696c1000-7fae696c8000 r--s 00000000 fc:01 6297643                    /usr/lib/x86_64-linux-gnu/gconv/gconv-modules.cache
7fae696c8000-7fae696cb000 r-xp 00000000 fc:01 7353244                    /lib/java-libraries/lwjgl-300-64/native/libjemalloc.so
7fae696cb000-7fae69707000 r-xp 00000000 00:00 0 
7fae69707000-7fae69906000 ---p 0003f000 fc:01 7353244                    /lib/java-libraries/lwjgl-300-64/native/libjemalloc.so
7fae69906000-7fae69908000 r--p 0001c000 fc:01 7353244                    /lib/java-libraries/lwjgl-300-64/native/libjemalloc.so
7fae69908000-7fae69909000 rw-p 0001e000 fc:01 7353244                    /lib/java-libraries/lwjgl-300-64/native/libjemalloc.so
7fae69909000-7fae6990a000 rw-p 00000000 00:00 0 
7fae6990a000-7fae69917000 r-xp 00000000 fc:01 7353247                    /lib/java-libraries/lwjgl-300-64/native/liblwjgl.so
7fae69917000-7fae6996b000 r-xp 00000000 00:00 0 
7fae6996b000-7fae69b6a000 ---p 00061000 fc:01 7353247                    /lib/java-libraries/lwjgl-300-64/native/liblwjgl.so
7fae69b6a000-7fae69b6c000 rw-p 00033000 fc:01 7353247                    /lib/java-libraries/lwjgl-300-64/native/liblwjgl.so
7fae69b6c000-7fae69b9e000 rw-p 00000000 00:00 0 
7fae69b9e000-7fae69bb4000 r-xp 00000000 fc:01 7348080                    /lib/java/jdk1.8.0_45/jre/lib/amd64/libnet.so
7fae69bb4000-7fae69db4000 ---p 00016000 fc:01 7348080                    /lib/java/jdk1.8.0_45/jre/lib/amd64/libnet.so
7fae69db4000-7fae69db5000 rw-p 00016000 fc:01 7348080                    /lib/java/jdk1.8.0_45/jre/lib/amd64/libnet.so
7fae69db5000-7fae69db8000 ---p 00000000 00:00 0 
7fae69db8000-7fae69eb6000 rw-p 00000000 00:00 0                          [stack:10834]
7fae69eb6000-7fae69eb7000 r-xp 00000000 fc:01 6169884                    /usr/share/jetbrains/idea-IC-141.1010.3/bin/libbreakgen64.so
7fae69eb7000-7fae6a0b6000 ---p 00001000 fc:01 6169884                    /usr/share/jetbrains/idea-IC-141.1010.3/bin/libbreakgen64.so
7fae6a0b6000-7fae6a0b7000 r--p 00000000 fc:01 6169884                    /usr/share/jetbrains/idea-IC-141.1010.3/bin/libbreakgen64.so
7fae6a0b7000-7fae6a0b8000 rw-p 00001000 fc:01 6169884                    /usr/share/jetbrains/idea-IC-141.1010.3/bin/libbreakgen64.so
7fae6a0b8000-7fae6a0d4000 r--s 001e5000 fc:01 7353234                    /lib/java-libraries/lwjgl-300-64/jar/lwjgl.jar
7fae6a0d4000-7fae6a0ee000 r--s 001f3000 fc:01 7348026                    /lib/java/jdk1.8.0_45/jre/lib/deploy.jar
7fae6a0ee000-7fae6a101000 r--s 00344000 fc:01 7348027                    /lib/java/jdk1.8.0_45/jre/lib/resources.jar
7fae6a101000-7fae6a106000 r--s 00094000 fc:01 7348031                    /lib/java/jdk1.8.0_45/jre/lib/jsse.jar
7fae6a106000-7fae6a107000 ---p 00000000 00:00 0 
7fae6a107000-7fae6a207000 rw-p 00000000 00:00 0                          [stack:10830]
7fae6a207000-7fae6a20a000 ---p 00000000 00:00 0 
7fae6a20a000-7fae6a308000 rw-p 00000000 00:00 0                          [stack:10829]
7fae6a308000-7fae6a30b000 ---p 00000000 00:00 0 
7fae6a30b000-7fae6a409000 rw-p 00000000 00:00 0                          [stack:10828]
7fae6a409000-7fae6a40c000 ---p 00000000 00:00 0 
7fae6a40c000-7fae6a50a000 rw-p 00000000 00:00 0                          [stack:10827]
7fae6a50a000-7fae6a50d000 ---p 00000000 00:00 0 
7fae6a50d000-7fae6a60b000 rw-p 00000000 00:00 0                          [stack:10826]
7fae6a60b000-7fae6a60e000 ---p 00000000 00:00 0 
7fae6a60e000-7fae6a70c000 rw-p 00000000 00:00 0                          [stack:10825]
7fae6a70c000-7fae6a70f000 ---p 00000000 00:00 0 
7fae6a70f000-7fae6a80d000 rw-p 00000000 00:00 0                          [stack:10824]
7fae6a80d000-7fae6aeef000 r--p 00000000 fc:01 6036454                    /usr/lib/locale/locale-archive
7fae6aeef000-7fae6aef2000 ---p 00000000 00:00 0 
7fae6aef2000-7fae6aff0000 rw-p 00000000 00:00 0                          [stack:10813]
7fae6aff0000-7fae6aff3000 ---p 00000000 00:00 0 
7fae6aff3000-7fae6b0f1000 rw-p 00000000 00:00 0                          [stack:10812]
7fae6b0f1000-7fae6b0f2000 ---p 00000000 00:00 0 
7fae6b0f2000-7fae6c000000 rw-p 00000000 00:00 0                          [stack:10811]
7fae6c000000-7fae6c021000 rw-p 00000000 00:00 0 
7fae6c021000-7fae70000000 ---p 00000000 00:00 0 
7fae70000000-7fae70021000 rw-p 00000000 00:00 0 
7fae70021000-7fae74000000 ---p 00000000 00:00 0 
7fae74000000-7fae74021000 rw-p 00000000 00:00 0 
7fae74021000-7fae78000000 ---p 00000000 00:00 0 
7fae78000000-7fae78021000 rw-p 00000000 00:00 0 
7fae78021000-7fae7c000000 ---p 00000000 00:00 0 
7fae7c000000-7fae7c021000 rw-p 00000000 00:00 0 
7fae7c021000-7fae80000000 ---p 00000000 00:00 0 
7fae80000000-7fae80021000 rw-p 00000000 00:00 0 
7fae80021000-7fae84000000 ---p 00000000 00:00 0 
7fae84000000-7fae84021000 rw-p 00000000 00:00 0 
7fae84021000-7fae88000000 ---p 00000000 00:00 0 
7fae88000000-7fae88001000 rw-s cc060000 00:05 10046                      /dev/nvidia0
7fae88001000-7fae88003000 r--s 00016000 fc:01 6169374                    /usr/share/jetbrains/idea-IC-141.1010.3/lib/idea_rt.jar
7fae88003000-7fae88016000 r--s 000d6000 fc:01 7348024                    /lib/java/jdk1.8.0_45/jre/lib/plugin.jar
7fae88016000-7fae88e2b000 rw-p 00000000 00:00 0 
7fae88e2b000-7fae89004000 r--s 03d09000 fc:01 7348033                    /lib/java/jdk1.8.0_45/jre/lib/rt.jar
7fae89004000-7fae8983a000 rw-p 00000000 00:00 0 
7fae8983a000-7fae8987a000 ---p 00000000 00:00 0 
7fae8987a000-7fae8b8c0000 rw-p 00000000 00:00 0 
7fae8b8c0000-7fae8b8c1000 ---p 00000000 00:00 0 
7fae8b8c1000-7fae8b9c1000 rw-p 00000000 00:00 0                          [stack:10810]
7fae8b9c1000-7fae8b9c2000 ---p 00000000 00:00 0 
7fae8b9c2000-7fae8bac2000 rw-p 00000000 00:00 0                          [stack:10809]
7fae8bac2000-7fae8bac3000 ---p 00000000 00:00 0 
7fae8bac3000-7fae8bbc3000 rw-p 00000000 00:00 0                          [stack:10808]
7fae8bbc3000-7fae8bbc4000 ---p 00000000 00:00 0 
7fae8bbc4000-7fae8bcc4000 rw-p 00000000 00:00 0                          [stack:10807]
7fae8bcc4000-7fae8bcc5000 ---p 00000000 00:00 0 
7fae8bcc5000-7fae8bdc5000 rw-p 00000000 00:00 0                          [stack:10806]
7fae8bdc5000-7fae8bdc6000 ---p 00000000 00:00 0 
7fae8bdc6000-7fae8bec6000 rw-p 00000000 00:00 0                          [stack:10805]
7fae8bec6000-7fae8bec7000 ---p 00000000 00:00 0 
7fae8bec7000-7fae8bfc7000 rw-p 00000000 00:00 0                          [stack:10804]
7fae8bfc7000-7fae8bfc8000 ---p 00000000 00:00 0 
7fae8bfc8000-7fae8c0dd000 rw-p 00000000 00:00 0                          [stack:10803]
7fae8c0dd000-7fae8c20c000 ---p 00000000 00:00 0 
7fae8c20c000-7fae8c221000 rw-p 00000000 00:00 0 
7fae8c221000-7fae8c350000 ---p 00000000 00:00 0 
7fae8c350000-7fae8c35b000 rw-p 00000000 00:00 0 
7fae8c35b000-7fae8c3f2000 ---p 00000000 00:00 0 
7fae8c3f2000-7fae8c3fd000 rw-p 00000000 00:00 0 
7fae8c3fd000-7fae8c7b3000 ---p 00000000 00:00 0 
7fae8c7b3000-7fae8ca23000 rwxp 00000000 00:00 0 
7fae8ca23000-7fae9b7b3000 ---p 00000000 00:00 0 
7fae9b7b3000-7fae9b7cd000 r-xp 00000000 fc:01 7348059                    /lib/java/jdk1.8.0_45/jre/lib/amd64/libzip.so
7fae9b7cd000-7fae9b9cd000 ---p 0001a000 fc:01 7348059                    /lib/java/jdk1.8.0_45/jre/lib/amd64/libzip.so
7fae9b9cd000-7fae9b9ce000 rw-p 0001a000 fc:01 7348059                    /lib/java/jdk1.8.0_45/jre/lib/amd64/libzip.so
7fae9b9ce000-7fae9b9d9000 r-xp 00000000 fc:01 7350125                    /lib/x86_64-linux-gnu/libnss_files-2.19.so
7fae9b9d9000-7fae9bbd8000 ---p 0000b000 fc:01 7350125                    /lib/x86_64-linux-gnu/libnss_files-2.19.so
7fae9bbd8000-7fae9bbd9000 r--p 0000a000 fc:01 7350125                    /lib/x86_64-linux-gnu/libnss_files-2.19.so
7fae9bbd9000-7fae9bbda000 rw-p 0000b000 fc:01 7350125                    /lib/x86_64-linux-gnu/libnss_files-2.19.so
7fae9bbda000-7fae9bbe5000 r-xp 00000000 fc:01 7350145                    /lib/x86_64-linux-gnu/libnss_nis-2.19.so
7fae9bbe5000-7fae9bde4000 ---p 0000b000 fc:01 7350145                    /lib/x86_64-linux-gnu/libnss_nis-2.19.so
7fae9bde4000-7fae9bde5000 r--p 0000a000 fc:01 7350145                    /lib/x86_64-linux-gnu/libnss_nis-2.19.so
7fae9bde5000-7fae9bde6000 rw-p 0000b000 fc:01 7350145                    /lib/x86_64-linux-gnu/libnss_nis-2.19.so
7fae9bde6000-7fae9bdfd000 r-xp 00000000 fc:01 7350134                    /lib/x86_64-linux-gnu/libnsl-2.19.so
7fae9bdfd000-7fae9bffc000 ---p 00017000 fc:01 7350134                    /lib/x86_64-linux-gnu/libnsl-2.19.so
7fae9bffc000-7fae9bffd000 r--p 00016000 fc:01 7350134                    /lib/x86_64-linux-gnu/libnsl-2.19.so
7fae9bffd000-7fae9bffe000 rw-p 00017000 fc:01 7350134                    /lib/x86_64-linux-gnu/libnsl-2.19.so
7fae9bffe000-7fae9c000000 rw-p 00000000 00:00 0 
7fae9c000000-7fae9c951000 rw-p 00000000 00:00 0 
7fae9c951000-7faea0000000 ---p 00000000 00:00 0 
7faea0000000-7faea0003000 r--s 0001a000 fc:01 7348168                    /lib/java/jdk1.8.0_45/jre/lib/jce.jar
7faea0003000-7faea0008000 r--s 00083000 fc:01 7348118                    /lib/java/jdk1.8.0_45/jre/lib/jfr.jar
7faea0008000-7faea0012000 r--s 00069000 fc:01 7348028                    /lib/java/jdk1.8.0_45/jre/lib/javaws.jar
7faea0012000-7faea0033000 rw-p 00000000 00:00 0 
7faea0033000-7faea003c000 r-xp 00000000 fc:01 7350133                    /lib/x86_64-linux-gnu/libnss_compat-2.19.so
7faea003c000-7faea023b000 ---p 00009000 fc:01 7350133                    /lib/x86_64-linux-gnu/libnss_compat-2.19.so
7faea023b000-7faea023c000 r--p 00008000 fc:01 7350133                    /lib/x86_64-linux-gnu/libnss_compat-2.19.so
7faea023c000-7faea023d000 rw-p 00009000 fc:01 7350133                    /lib/x86_64-linux-gnu/libnss_compat-2.19.so
7faea023d000-7faea0267000 r-xp 00000000 fc:01 7348052                    /lib/java/jdk1.8.0_45/jre/lib/amd64/libjava.so
7faea0267000-7faea0467000 ---p 0002a000 fc:01 7348052                    /lib/java/jdk1.8.0_45/jre/lib/amd64/libjava.so
7faea0467000-7faea0469000 rw-p 0002a000 fc:01 7348052                    /lib/java/jdk1.8.0_45/jre/lib/amd64/libjava.so
7faea0469000-7faea0476000 r-xp 00000000 fc:01 7348094                    /lib/java/jdk1.8.0_45/jre/lib/amd64/libverify.so
7faea0476000-7faea0676000 ---p 0000d000 fc:01 7348094                    /lib/java/jdk1.8.0_45/jre/lib/amd64/libverify.so
7faea0676000-7faea0678000 rw-p 0000d000 fc:01 7348094                    /lib/java/jdk1.8.0_45/jre/lib/amd64/libverify.so
7faea0678000-7faea067f000 r-xp 00000000 fc:01 7350142                    /lib/x86_64-linux-gnu/librt-2.19.so
7faea067f000-7faea087e000 ---p 00007000 fc:01 7350142                    /lib/x86_64-linux-gnu/librt-2.19.so
7faea087e000-7faea087f000 r--p 00006000 fc:01 7350142                    /lib/x86_64-linux-gnu/librt-2.19.so
7faea087f000-7faea0880000 rw-p 00007000 fc:01 7350142                    /lib/x86_64-linux-gnu/librt-2.19.so
7faea0880000-7faea0985000 r-xp 00000000 fc:01 7350124                    /lib/x86_64-linux-gnu/libm-2.19.so
7faea0985000-7faea0b84000 ---p 00105000 fc:01 7350124                    /lib/x86_64-linux-gnu/libm-2.19.so
7faea0b84000-7faea0b85000 r--p 00104000 fc:01 7350124                    /lib/x86_64-linux-gnu/libm-2.19.so
7faea0b85000-7faea0b86000 rw-p 00105000 fc:01 7350124                    /lib/x86_64-linux-gnu/libm-2.19.so
7faea0b86000-7faea1834000 r-xp 00000000 fc:01 7348100                    /lib/java/jdk1.8.0_45/jre/lib/amd64/server/libjvm.so
7faea1834000-7faea1a33000 ---p 00cae000 fc:01 7348100                    /lib/java/jdk1.8.0_45/jre/lib/amd64/server/libjvm.so
7faea1a33000-7faea1b0a000 rw-p 00cad000 fc:01 7348100                    /lib/java/jdk1.8.0_45/jre/lib/amd64/server/libjvm.so
7faea1b0a000-7faea1b4e000 rw-p 00000000 00:00 0 
7faea1b4e000-7faea1d09000 r-xp 00000000 fc:01 7350139                    /lib/x86_64-linux-gnu/libc-2.19.so
7faea1d09000-7faea1f08000 ---p 001bb000 fc:01 7350139                    /lib/x86_64-linux-gnu/libc-2.19.so
7faea1f08000-7faea1f0c000 r--p 001ba000 fc:01 7350139                    /lib/x86_64-linux-gnu/libc-2.19.so
7faea1f0c000-7faea1f0e000 rw-p 001be000 fc:01 7350139                    /lib/x86_64-linux-gnu/libc-2.19.so
7faea1f0e000-7faea1f13000 rw-p 00000000 00:00 0 
7faea1f13000-7faea1f16000 r-xp 00000000 fc:01 7350128                    /lib/x86_64-linux-gnu/libdl-2.19.so
7faea1f16000-7faea2115000 ---p 00003000 fc:01 7350128                    /lib/x86_64-linux-gnu/libdl-2.19.so
7faea2115000-7faea2116000 r--p 00002000 fc:01 7350128                    /lib/x86_64-linux-gnu/libdl-2.19.so
7faea2116000-7faea2117000 rw-p 00003000 fc:01 7350128                    /lib/x86_64-linux-gnu/libdl-2.19.so
7faea2117000-7faea212c000 r-xp 00000000 fc:01 7348393                    /lib/java/jdk1.8.0_45/lib/amd64/jli/libjli.so
7faea212c000-7faea232c000 ---p 00015000 fc:01 7348393                    /lib/java/jdk1.8.0_45/lib/amd64/jli/libjli.so
7faea232c000-7faea232d000 rw-p 00015000 fc:01 7348393                    /lib/java/jdk1.8.0_45/lib/amd64/jli/libjli.so
7faea232d000-7faea2346000 r-xp 00000000 fc:01 7350140                    /lib/x86_64-linux-gnu/libpthread-2.19.so
7faea2346000-7faea2545000 ---p 00019000 fc:01 7350140                    /lib/x86_64-linux-gnu/libpthread-2.19.so
7faea2545000-7faea2546000 r--p 00018000 fc:01 7350140                    /lib/x86_64-linux-gnu/libpthread-2.19.so
7faea2546000-7faea2547000 rw-p 00019000 fc:01 7350140                    /lib/x86_64-linux-gnu/libpthread-2.19.so
7faea2547000-7faea254b000 rw-p 00000000 00:00 0 
7faea254b000-7faea256e000 r-xp 00000000 fc:01 7350136                    /lib/x86_64-linux-gnu/ld-2.19.so
7faea256e000-7faea2573000 r--s 002f8000 fc:01 7348167                    /lib/java/jdk1.8.0_45/jre/lib/charsets.jar
7faea2573000-7faea2645000 rw-p 00000000 00:00 0 
7faea2645000-7faea2648000 ---p 00000000 00:00 0 
7faea2648000-7faea274a000 rw-p 00000000 00:00 0                          [stack:10802]
7faea274a000-7faea274b000 rwxp 00000000 00:00 0 
7faea274b000-7faea274d000 r--s 00007000 fc:01 7348159                    /lib/java/jdk1.8.0_45/jre/lib/jfxswt.jar
7faea274d000-7faea274e000 r--s 00000000 fc:01 7348166                    /lib/java/jdk1.8.0_45/jre/lib/management-agent.jar
7faea274e000-7faea2761000 rw-p 00000000 00:00 0 
7faea2761000-7faea2769000 rw-s 00000000 fc:01 4719460                    /tmp/hsperfdata_sixstring982/10801
7faea2769000-7faea276a000 rw-p 00000000 00:00 0 
7faea276a000-7faea276b000 r--p 00000000 00:00 0 
7faea276b000-7faea276d000 rw-p 00000000 00:00 0 
7faea276d000-7faea276e000 r--p 00022000 fc:01 7350136                    /lib/x86_64-linux-gnu/ld-2.19.so
7faea276e000-7faea276f000 rw-p 00023000 fc:01 7350136                    /lib/x86_64-linux-gnu/ld-2.19.so
7faea276f000-7faea2770000 rw-p 00000000 00:00 0 
7fff8635d000-7fff8637f000 rw-p 00000000 00:00 0                          [stack]
7fff86398000-7fff8639a000 r-xp 00000000 00:00 0                          [vdso]
7fff8639a000-7fff8639c000 r--p 00000000 00:00 0                          [vvar]
ffffffffff600000-ffffffffff601000 r-xp 00000000 00:00 0                  [vsyscall]

VM Arguments:
jvm_args: -Djava.library.path=/lib/java-libraries/lwjgl-300-64/native -Didea.launcher.port=7534 -Didea.launcher.bin.path=/usr/share/jetbrains/idea-IC-141.1010.3/bin -Dfile.encoding=UTF-8 
java_command: com.intellij.rt.execution.application.AppMain com.lunagameserve.drivers.LwjglDriver
java_class_path (initial): /lib/java/jdk1.8.0_45/jre/lib/rt.jar:/lib/java/jdk1.8.0_45/jre/lib/management-agent.jar:/lib/java/jdk1.8.0_45/jre/lib/jfxswt.jar:/lib/java/jdk1.8.0_45/jre/lib/javaws.jar:/lib/java/jdk1.8.0_45/jre/lib/charsets.jar:/lib/java/jdk1.8.0_45/jre/lib/jfr.jar:/lib/java/jdk1.8.0_45/jre/lib/plugin.jar:/lib/java/jdk1.8.0_45/jre/lib/jce.jar:/lib/java/jdk1.8.0_45/jre/lib/jsse.jar:/lib/java/jdk1.8.0_45/jre/lib/resources.jar:/lib/java/jdk1.8.0_45/jre/lib/deploy.jar:/lib/java/jdk1.8.0_45/jre/lib/ext/sunjce_provider.jar:/lib/java/jdk1.8.0_45/jre/lib/ext/cldrdata.jar:/lib/java/jdk1.8.0_45/jre/lib/ext/localedata.jar:/lib/java/jdk1.8.0_45/jre/lib/ext/dnsns.jar:/lib/java/jdk1.8.0_45/jre/lib/ext/zipfs.jar:/lib/java/jdk1.8.0_45/jre/lib/ext/jfxrt.jar:/lib/java/jdk1.8.0_45/jre/lib/ext/sunpkcs11.jar:/lib/java/jdk1.8.0_45/jre/lib/ext/nashorn.jar:/lib/java/jdk1.8.0_45/jre/lib/ext/sunec.jar:/home/sixstring982/Documents/Git/ggj2016/target/classes:/lib/java-libraries/lwjgl-300-64/jar/lwjgl.jar:/usr/share/jetbrains/idea-IC-141.1010.3/lib/idea_rt.jar
Launcher Type: SUN_STANDARD

Environment Variables:
PATH=/home/sixstring982/.rvm/gems/ruby-2.2.1/bin:/home/sixstring982/.rvm/gems/ruby-2.2.1@global/bin:/home/sixstring982/.rvm/rubies/ruby-2.2.1/bin:/usr/local/sbin:/usr/local/bin:/usr/sbin:/usr/bin:/sbin:/bin:/usr/games:/usr/local/games:/home/sixstring982/.rvm/bin:/home/sixstring982/.rvm/bin
LD_LIBRARY_PATH=/usr/share/jetbrains/idea-IC-141.1010.3/bin:
SHELL=/bin/bash
DISPLAY=:0

Signal Handlers:
SIGSEGV: [libjvm.so+0xaad1e0], sa_mask[0]=11111111011111111101111111111110, sa_flags=SA_RESTART|SA_SIGINFO
SIGBUS: [libjvm.so+0xaad1e0], sa_mask[0]=11111111011111111101111111111110, sa_flags=SA_RESTART|SA_SIGINFO
SIGFPE: [libjvm.so+0x90b450], sa_mask[0]=11111111011111111101111111111110, sa_flags=SA_RESTART|SA_SIGINFO
SIGPIPE: [libjvm.so+0x90b450], sa_mask[0]=11111111011111111101111111111110, sa_flags=SA_RESTART|SA_SIGINFO
SIGXFSZ: [libjvm.so+0x90b450], sa_mask[0]=11111111011111111101111111111110, sa_flags=SA_RESTART|SA_SIGINFO
SIGILL: [libjvm.so+0x90b450], sa_mask[0]=11111111011111111101111111111110, sa_flags=SA_RESTART|SA_SIGINFO
SIGUSR1: SIG_DFL, sa_mask[0]=00000000000000000000000000000000, sa_flags=none
SIGUSR2: [libjvm.so+0x90ca90], sa_mask[0]=00100000000000000000000000000000, sa_flags=SA_RESTART|SA_SIGINFO
SIGHUP: [libjvm.so+0x90dde0], sa_mask[0]=11111111011111111101111111111110, sa_flags=SA_RESTART|SA_SIGINFO
SIGINT: [libjvm.so+0x90dde0], sa_mask[0]=11111111011111111101111111111110, sa_flags=SA_RESTART|SA_SIGINFO
SIGTERM: [libjvm.so+0x90dde0], sa_mask[0]=11111111011111111101111111111110, sa_flags=SA_RESTART|SA_SIGINFO
SIGQUIT: [libjvm.so+0x90dde0], sa_mask[0]=11111111011111111101111111111110, sa_flags=SA_RESTART|SA_SIGINFO


---------------  S Y S T E M  ---------------

OS:DISTRIB_ID=Ubuntu
DISTRIB_RELEASE=14.04
DISTRIB_CODENAME=trusty
DISTRIB_DESCRIPTION="Ubuntu 14.04.3 LTS"

uname:Linux 3.16.0-55-generic #74~14.04.1-Ubuntu SMP Tue Nov 17 10:15:59 UTC 2015 x86_64
libc:glibc 2.19 NPTL 2.19 
rlimit: STACK 8192k, CORE 0k, NPROC 15416, NOFILE 4096, AS infinity
load average:2.71 1.70 1.12

/proc/meminfo:
MemTotal:        3977620 kB
MemFree:          193908 kB
MemAvailable:     354968 kB
Buffers:           14808 kB
Cached:           315944 kB
SwapCached:        52336 kB
Active:          2511828 kB
Inactive:         977036 kB
Active(anon):    2336112 kB
Inactive(anon):   851676 kB
Active(file):     175716 kB
Inactive(file):   125360 kB
Unevictable:          48 kB
Mlocked:              48 kB
SwapTotal:       4124668 kB
SwapFree:        2818980 kB
Dirty:               608 kB
Writeback:             0 kB
AnonPages:       3126472 kB
Mapped:           218860 kB
Shmem:             29952 kB
Slab:             103228 kB
SReclaimable:      57840 kB
SUnreclaim:        45388 kB
KernelStack:       15696 kB
PageTables:        59552 kB
NFS_Unstable:          0 kB
Bounce:                0 kB
WritebackTmp:          0 kB
CommitLimit:     6113476 kB
Committed_AS:   11346560 kB
VmallocTotal:   34359738367 kB
VmallocUsed:      313960 kB
VmallocChunk:   34359406588 kB
HardwareCorrupted:     0 kB
AnonHugePages:   1202176 kB
HugePages_Total:       0
HugePages_Free:        0
HugePages_Rsvd:        0
HugePages_Surp:        0
Hugepagesize:       2048 kB
DirectMap4k:      257952 kB
DirectMap2M:     3866624 kB


CPU:total 8 (4 cores per cpu, 2 threads per core) family 6 model 30 stepping 5, cmov, cx8, fxsr, mmx, sse, sse2, sse3, ssse3, sse4.1, sse4.2, popcnt, ht, tsc, tscinvbit

/proc/cpuinfo:
processor	: 0
vendor_id	: GenuineIntel
cpu family	: 6
model		: 30
model name	: Intel(R) Core(TM) i7 CPU       Q 720  @ 1.60GHz
stepping	: 5
microcode	: 0x3
cpu MHz		: 1600.000
cache size	: 6144 KB
physical id	: 0
siblings	: 8
core id		: 0
cpu cores	: 4
apicid		: 0
initial apicid	: 0
fpu		: yes
fpu_exception	: yes
cpuid level	: 11
wp		: yes
flags		: fpu vme de pse tsc msr pae mce cx8 apic sep mtrr pge mca cmov pat pse36 clflush dts acpi mmx fxsr sse sse2 ss ht tm pbe syscall nx rdtscp lm constant_tsc arch_perfmon pebs bts rep_good nopl xtopology nonstop_tsc aperfmperf pni dtes64 monitor ds_cpl vmx smx est tm2 ssse3 cx16 xtpr pdcm sse4_1 sse4_2 popcnt lahf_lm ida dtherm tpr_shadow vnmi flexpriority ept vpid
bogomips	: 3191.97
clflush size	: 64
cache_alignment	: 64
address sizes	: 36 bits physical, 48 bits virtual
power management:

processor	: 1
vendor_id	: GenuineIntel
cpu family	: 6
model		: 30
model name	: Intel(R) Core(TM) i7 CPU       Q 720  @ 1.60GHz
stepping	: 5
microcode	: 0x3
cpu MHz		: 1600.000
cache size	: 6144 KB
physical id	: 0
siblings	: 8
core id		: 0
cpu cores	: 4
apicid		: 1
initial apicid	: 1
fpu		: yes
fpu_exception	: yes
cpuid level	: 11
wp		: yes
flags		: fpu vme de pse tsc msr pae mce cx8 apic sep mtrr pge mca cmov pat pse36 clflush dts acpi mmx fxsr sse sse2 ss ht tm pbe syscall nx rdtscp lm constant_tsc arch_perfmon pebs bts rep_good nopl xtopology nonstop_tsc aperfmperf pni dtes64 monitor ds_cpl vmx smx est tm2 ssse3 cx16 xtpr pdcm sse4_1 sse4_2 popcnt lahf_lm ida dtherm tpr_shadow vnmi flexpriority ept vpid
bogomips	: 3191.97
clflush size	: 64
cache_alignment	: 64
address sizes	: 36 bits physical, 48 bits virtual
power management:

processor	: 2
vendor_id	: GenuineIntel
cpu family	: 6
model		: 30
model name	: Intel(R) Core(TM) i7 CPU       Q 720  @ 1.60GHz
stepping	: 5
microcode	: 0x3
cpu MHz		: 1600.000
cache size	: 6144 KB
physical id	: 0
siblings	: 8
core id		: 1
cpu cores	: 4
apicid		: 2
initial apicid	: 2
fpu		: yes
fpu_exception	: yes
cpuid level	: 11
wp		: yes
flags		: fpu vme de pse tsc msr pae mce cx8 apic sep mtrr pge mca cmov pat pse36 clflush dts acpi mmx fxsr sse sse2 ss ht tm pbe syscall nx rdtscp lm constant_tsc arch_perfmon pebs bts rep_good nopl xtopology nonstop_tsc aperfmperf pni dtes64 monitor ds_cpl vmx smx est tm2 ssse3 cx16 xtpr pdcm sse4_1 sse4_2 popcnt lahf_lm ida dtherm tpr_shadow vnmi flexpriority ept vpid
bogomips	: 3191.97
clflush size	: 64
cache_alignment	: 64
address sizes	: 36 bits physical, 48 bits virtual
power management:

processor	: 3
vendor_id	: GenuineIntel
cpu family	: 6
model		: 30
model name	: Intel(R) Core(TM) i7 CPU       Q 720  @ 1.60GHz
stepping	: 5
microcode	: 0x3
cpu MHz		: 1333.000
cache size	: 6144 KB
physical id	: 0
siblings	: 8
core id		: 1
cpu cores	: 4
apicid		: 3
initial apicid	: 3
fpu		: yes
fpu_exception	: yes
cpuid level	: 11
wp		: yes
flags		: fpu vme de pse tsc msr pae mce cx8 apic sep mtrr pge mca cmov pat pse36 clflush dts acpi mmx fxsr sse sse2 ss ht tm pbe syscall nx rdtscp lm constant_tsc arch_perfmon pebs bts rep_good nopl xtopology nonstop_tsc aperfmperf pni dtes64 monitor ds_cpl vmx smx est tm2 ssse3 cx16 xtpr pdcm sse4_1 sse4_2 popcnt lahf_lm ida dtherm tpr_shadow vnmi flexpriority ept vpid
bogomips	: 3191.97
clflush size	: 64
cache_alignment	: 64
address sizes	: 36 bits physical, 48 bits virtual
power management:

processor	: 4
vendor_id	: GenuineIntel
cpu family	: 6
model		: 30
model name	: Intel(R) Core(TM) i7 CPU       Q 720  @ 1.60GHz
stepping	: 5
microcode	: 0x3
cpu MHz		: 933.000
cache size	: 6144 KB
physical id	: 0
siblings	: 8
core id		: 2
cpu cores	: 4
apicid		: 4
initial apicid	: 4
fpu		: yes
fpu_exception	: yes
cpuid level	: 11
wp		: yes
flags		: fpu vme de pse tsc msr pae mce cx8 apic sep mtrr pge mca cmov pat pse36 clflush dts acpi mmx fxsr sse sse2 ss ht tm pbe syscall nx rdtscp lm constant_tsc arch_perfmon pebs bts rep_good nopl xtopology nonstop_tsc aperfmperf pni dtes64 monitor ds_cpl vmx smx est tm2 ssse3 cx16 xtpr pdcm sse4_1 sse4_2 popcnt lahf_lm ida dtherm tpr_shadow vnmi flexpriority ept vpid
bogomips	: 3191.97
clflush size	: 64
cache_alignment	: 64
address sizes	: 36 bits physical, 48 bits virtual
power management:

processor	: 5
vendor_id	: GenuineIntel
cpu family	: 6
model		: 30
model name	: Intel(R) Core(TM) i7 CPU       Q 720  @ 1.60GHz
stepping	: 5
microcode	: 0x3
cpu MHz		: 1600.000
cache size	: 6144 KB
physical id	: 0
siblings	: 8
core id		: 2
cpu cores	: 4
apicid		: 5
initial apicid	: 5
fpu		: yes
fpu_exception	: yes
cpuid level	: 11
wp		: yes
flags		: fpu vme de pse tsc msr pae mce cx8 apic sep mtrr pge mca cmov pat pse36 clflush dts acpi mmx fxsr sse sse2 ss ht tm pbe syscall nx rdtscp lm constant_tsc arch_perfmon pebs bts rep_good nopl xtopology nonstop_tsc aperfmperf pni dtes64 monitor ds_cpl vmx smx est tm2 ssse3 cx16 xtpr pdcm sse4_1 sse4_2 popcnt lahf_lm ida dtherm tpr_shadow vnmi flexpriority ept vpid
bogomips	: 3191.97
clflush size	: 64
cache_alignment	: 64
address sizes	: 36 bits physical, 48 bits virtual
power management:

processor	: 6
vendor_id	: GenuineIntel
cpu family	: 6
model		: 30
model name	: Intel(R) Core(TM) i7 CPU       Q 720  @ 1.60GHz
stepping	: 5
microcode	: 0x3
cpu MHz		: 933.000
cache size	: 6144 KB
physical id	: 0
siblings	: 8
core id		: 3
cpu cores	: 4
apicid		: 6
initial apicid	: 6
fpu		: yes
fpu_exception	: yes
cpuid level	: 11
wp		: yes
flags		: fpu vme de pse tsc msr pae mce cx8 apic sep mtrr pge mca cmov pat pse36 clflush dts acpi mmx fxsr sse sse2 ss ht tm pbe syscall nx rdtscp lm constant_tsc arch_perfmon pebs bts rep_good nopl xtopology nonstop_tsc aperfmperf pni dtes64 monitor ds_cpl vmx smx est tm2 ssse3 cx16 xtpr pdcm sse4_1 sse4_2 popcnt lahf_lm ida dtherm tpr_shadow vnmi flexpriority ept vpid
bogomips	: 3191.97
clflush size	: 64
cache_alignment	: 64
address sizes	: 36 bits physical, 48 bits virtual
power management:

processor	: 7
vendor_id	: GenuineIntel
cpu family	: 6
model		: 30
model name	: Intel(R) Core(TM) i7 CPU       Q 720  @ 1.60GHz
stepping	: 5
microcode	: 0x3
cpu MHz		: 1066.000
cache size	: 6144 KB
physical id	: 0
siblings	: 8
core id		: 3
cpu cores	: 4
apicid		: 7
initial apicid	: 7
fpu		: yes
fpu_exception	: yes
cpuid level	: 11
wp		: yes
flags		: fpu vme de pse tsc msr pae mce cx8 apic sep mtrr pge mca cmov pat pse36 clflush dts acpi mmx fxsr sse sse2 ss ht tm pbe syscall nx rdtscp lm constant_tsc arch_perfmon pebs bts rep_good nopl xtopology nonstop_tsc aperfmperf pni dtes64 monitor ds_cpl vmx smx est tm2 ssse3 cx16 xtpr pdcm sse4_1 sse4_2 popcnt lahf_lm ida dtherm tpr_shadow vnmi flexpriority ept vpid
bogomips	: 3191.97
clflush size	: 64
cache_alignment	: 64
address sizes	: 36 bits physical, 48 bits virtual
power management:



Memory: 4k page, physical 3977620k(193908k free), swap 4124668k(2818980k free)

vm_info: Java HotSpot(TM) 64-Bit Server VM (25.45-b02) for linux-amd64 JRE (1.8.0_45-b14), built on Apr 10 2015 10:07:45 by "java_re" with gcc 4.3.0 20080428 (Red Hat 4.3.0-8)

time: Fri Jan 29 22:00:19 2016
elapsed time: 1 seconds (0d 0h 0m 1s)

